-------------------------------------------------------------------------------
Test set: TestSuite
-------------------------------------------------------------------------------
Tests run: 4, Failures: 1, Errors: 0, Skipped: 0, Time elapsed: 849.222 sec <<< FAILURE! - in TestSuite
HOOQ_Android_Mobile_Content_Details_Movie(com.automation.android.mobile.scripts.HOOQ_Android_MOBILE_Sanity)  Time elapsed: 44.486 sec  <<< FAILURE!
java.lang.AssertionError: null
	at com.automation.android.mobile.scripts.HOOQ_Android_MOBILE_Sanity.HOOQ_Android_Mobile_Content_Details_Movie(HOOQ_Android_MOBILE_Sanity.java:69)

