<?xml version="1.0" encoding="UTF-8"?>
<testng-results skipped="0" failed="3" total="22" passed="19">
  <reporter-output>
  </reporter-output>
  <suite name="HOOQ" duration-ms="5003456" started-at="2019-08-23T06:32:23Z" finished-at="2019-08-23T07:55:47Z">
    <groups>
      <group name="HOOQ_IOS_MOBILE_Discover">
        <method signature="HOOQ_IOS_IPhone_Sanity.HOOQ_IOS_MOBILE_Discover()[pri:3, instance:com.automation.ios.iphone.scripts.HOOQ_IOS_IPhone_Sanity@7c29daf3]" name="HOOQ_IOS_MOBILE_Discover" class="com.automation.ios.iphone.scripts.HOOQ_IOS_IPhone_Sanity"/>
      </group> <!-- HOOQ_IOS_MOBILE_Discover -->
      <group name="HOOQ_IOS_MOBILE_Search_TVShows">
        <method signature="HOOQ_IOS_IPhone_Sanity.HOOQ_IOS_MOBILE_Search_TVShows()[pri:11, instance:com.automation.ios.iphone.scripts.HOOQ_IOS_IPhone_Sanity@7c29daf3]" name="HOOQ_IOS_MOBILE_Search_TVShows" class="com.automation.ios.iphone.scripts.HOOQ_IOS_IPhone_Sanity"/>
      </group> <!-- HOOQ_IOS_MOBILE_Search_TVShows -->
      <group name="HOOQ_IOS_MOBILE_Verify_Subscription">
        <method signature="HOOQ_IOS_IPhone_Sanity.HOOQ_IOS_MOBILE_Verify_Subscription()[pri:16, instance:com.automation.ios.iphone.scripts.HOOQ_IOS_IPhone_Sanity@7c29daf3]" name="HOOQ_IOS_MOBILE_Verify_Subscription" class="com.automation.ios.iphone.scripts.HOOQ_IOS_IPhone_Sanity"/>
      </group> <!-- HOOQ_IOS_MOBILE_Verify_Subscription -->
      <group name="Sanity">
        <method signature="HOOQ_IOS_IPhone_Sanity.HOOQ_IOS_MOBILE_Content_Details_Movie()[pri:8, instance:com.automation.ios.iphone.scripts.HOOQ_IOS_IPhone_Sanity@7c29daf3]" name="HOOQ_IOS_MOBILE_Content_Details_Movie" class="com.automation.ios.iphone.scripts.HOOQ_IOS_IPhone_Sanity"/>
        <method signature="HOOQ_IOS_IPhone_Sanity.HOOQ_IOS_MOBILE_Content_Details_TVShows()[pri:12, instance:com.automation.ios.iphone.scripts.HOOQ_IOS_IPhone_Sanity@7c29daf3]" name="HOOQ_IOS_MOBILE_Content_Details_TVShows" class="com.automation.ios.iphone.scripts.HOOQ_IOS_IPhone_Sanity"/>
        <method signature="HOOQ_IOS_IPhone_Sanity.HOOQ_IOS_MOBILE_Discover()[pri:3, instance:com.automation.ios.iphone.scripts.HOOQ_IOS_IPhone_Sanity@7c29daf3]" name="HOOQ_IOS_MOBILE_Discover" class="com.automation.ios.iphone.scripts.HOOQ_IOS_IPhone_Sanity"/>
        <method signature="HOOQ_IOS_IPhone_Sanity.HOOQ_IOS_MOBILE_Download_Movies()[pri:20, instance:com.automation.ios.iphone.scripts.HOOQ_IOS_IPhone_Sanity@7c29daf3]" name="HOOQ_IOS_MOBILE_Download_Movies" class="com.automation.ios.iphone.scripts.HOOQ_IOS_IPhone_Sanity"/>
        <method signature="HOOQ_IOS_IPhone_Sanity.HOOQ_IOS_MOBILE_Download_TVShows()[pri:21, instance:com.automation.ios.iphone.scripts.HOOQ_IOS_IPhone_Sanity@7c29daf3]" name="HOOQ_IOS_MOBILE_Download_TVShows" class="com.automation.ios.iphone.scripts.HOOQ_IOS_IPhone_Sanity"/>
        <method signature="HOOQ_IOS_IPhone_Sanity.HOOQ_IOS_MOBILE_Login()[pri:1, instance:com.automation.ios.iphone.scripts.HOOQ_IOS_IPhone_Sanity@7c29daf3]" name="HOOQ_IOS_MOBILE_Login" class="com.automation.ios.iphone.scripts.HOOQ_IOS_IPhone_Sanity"/>
        <method signature="HOOQ_IOS_IPhone_Sanity.HOOQ_IOS_MOBILE_ME()[pri:2, instance:com.automation.ios.iphone.scripts.HOOQ_IOS_IPhone_Sanity@7c29daf3]" name="HOOQ_IOS_MOBILE_ME" class="com.automation.ios.iphone.scripts.HOOQ_IOS_IPhone_Sanity"/>
        <method signature="HOOQ_IOS_IPhone_Sanity.HOOQ_IOS_MOBILE_ME_My_Rentals()[pri:25, instance:com.automation.ios.iphone.scripts.HOOQ_IOS_IPhone_Sanity@7c29daf3]" name="HOOQ_IOS_MOBILE_ME_My_Rentals" class="com.automation.ios.iphone.scripts.HOOQ_IOS_IPhone_Sanity"/>
        <method signature="HOOQ_IOS_IPhone_Sanity.HOOQ_IOS_MOBILE_Movie_Play()[pri:10, instance:com.automation.ios.iphone.scripts.HOOQ_IOS_IPhone_Sanity@7c29daf3]" name="HOOQ_IOS_MOBILE_Movie_Play" class="com.automation.ios.iphone.scripts.HOOQ_IOS_IPhone_Sanity"/>
        <method signature="HOOQ_IOS_IPhone_Sanity.HOOQ_IOS_MOBILE_Movies_Section()[pri:4, instance:com.automation.ios.iphone.scripts.HOOQ_IOS_IPhone_Sanity@7c29daf3]" name="HOOQ_IOS_MOBILE_Movies_Section" class="com.automation.ios.iphone.scripts.HOOQ_IOS_IPhone_Sanity"/>
        <method signature="HOOQ_IOS_IPhone_Sanity.HOOQ_IOS_MOBILE_Rent_Section()[pri:6, instance:com.automation.ios.iphone.scripts.HOOQ_IOS_IPhone_Sanity@7c29daf3]" name="HOOQ_IOS_MOBILE_Rent_Section" class="com.automation.ios.iphone.scripts.HOOQ_IOS_IPhone_Sanity"/>
        <method signature="HOOQ_IOS_IPhone_Sanity.HOOQ_IOS_MOBILE_Search_Movie()[pri:7, instance:com.automation.ios.iphone.scripts.HOOQ_IOS_IPhone_Sanity@7c29daf3]" name="HOOQ_IOS_MOBILE_Search_Movie" class="com.automation.ios.iphone.scripts.HOOQ_IOS_IPhone_Sanity"/>
        <method signature="HOOQ_IOS_IPhone_Sanity.HOOQ_IOS_MOBILE_Search_TVShows()[pri:11, instance:com.automation.ios.iphone.scripts.HOOQ_IOS_IPhone_Sanity@7c29daf3]" name="HOOQ_IOS_MOBILE_Search_TVShows" class="com.automation.ios.iphone.scripts.HOOQ_IOS_IPhone_Sanity"/>
        <method signature="HOOQ_IOS_IPhone_Sanity.HOOQ_IOS_MOBILE_Similer_Titles()[pri:9, instance:com.automation.ios.iphone.scripts.HOOQ_IOS_IPhone_Sanity@7c29daf3]" name="HOOQ_IOS_MOBILE_Similer_Titles" class="com.automation.ios.iphone.scripts.HOOQ_IOS_IPhone_Sanity"/>
        <method signature="HOOQ_IOS_IPhone_Sanity.HOOQ_IOS_MOBILE_TVShows_Section()[pri:5, instance:com.automation.ios.iphone.scripts.HOOQ_IOS_IPhone_Sanity@7c29daf3]" name="HOOQ_IOS_MOBILE_TVShows_Section" class="com.automation.ios.iphone.scripts.HOOQ_IOS_IPhone_Sanity"/>
        <method signature="HOOQ_IOS_IPhone_Sanity.HOOQ_IOS_MOBILE_Verify_Download()[pri:22, instance:com.automation.ios.iphone.scripts.HOOQ_IOS_IPhone_Sanity@7c29daf3]" name="HOOQ_IOS_MOBILE_Verify_Download" class="com.automation.ios.iphone.scripts.HOOQ_IOS_IPhone_Sanity"/>
        <method signature="HOOQ_IOS_IPhone_Sanity.HOOQ_IOS_MOBILE_Verify_History()[pri:14, instance:com.automation.ios.iphone.scripts.HOOQ_IOS_IPhone_Sanity@7c29daf3]" name="HOOQ_IOS_MOBILE_Verify_History" class="com.automation.ios.iphone.scripts.HOOQ_IOS_IPhone_Sanity"/>
        <method signature="HOOQ_IOS_IPhone_Sanity.HOOQ_IOS_MOBILE_Verify_LinkTV()[pri:19, instance:com.automation.ios.iphone.scripts.HOOQ_IOS_IPhone_Sanity@7c29daf3]" name="HOOQ_IOS_MOBILE_Verify_LinkTV" class="com.automation.ios.iphone.scripts.HOOQ_IOS_IPhone_Sanity"/>
        <method signature="HOOQ_IOS_IPhone_Sanity.HOOQ_IOS_MOBILE_Verify_LogOut()[pri:26, instance:com.automation.ios.iphone.scripts.HOOQ_IOS_IPhone_Sanity@7c29daf3]" name="HOOQ_IOS_MOBILE_Verify_LogOut" class="com.automation.ios.iphone.scripts.HOOQ_IOS_IPhone_Sanity"/>
        <method signature="HOOQ_IOS_IPhone_Sanity.HOOQ_IOS_MOBILE_Verify_Settings()[pri:15, instance:com.automation.ios.iphone.scripts.HOOQ_IOS_IPhone_Sanity@7c29daf3]" name="HOOQ_IOS_MOBILE_Verify_Settings" class="com.automation.ios.iphone.scripts.HOOQ_IOS_IPhone_Sanity"/>
        <method signature="HOOQ_IOS_IPhone_Sanity.HOOQ_IOS_MOBILE_Verify_Subscription()[pri:16, instance:com.automation.ios.iphone.scripts.HOOQ_IOS_IPhone_Sanity@7c29daf3]" name="HOOQ_IOS_MOBILE_Verify_Subscription" class="com.automation.ios.iphone.scripts.HOOQ_IOS_IPhone_Sanity"/>
        <method signature="HOOQ_IOS_IPhone_Sanity.HOOQ_IOS_MOBILE_Verify_Support()[pri:17, instance:com.automation.ios.iphone.scripts.HOOQ_IOS_IPhone_Sanity@7c29daf3]" name="HOOQ_IOS_MOBILE_Verify_Support" class="com.automation.ios.iphone.scripts.HOOQ_IOS_IPhone_Sanity"/>
      </group> <!-- Sanity -->
      <group name="HOOQ_IOS_MOBILE_Verify_Download">
        <method signature="HOOQ_IOS_IPhone_Sanity.HOOQ_IOS_MOBILE_Verify_Download()[pri:22, instance:com.automation.ios.iphone.scripts.HOOQ_IOS_IPhone_Sanity@7c29daf3]" name="HOOQ_IOS_MOBILE_Verify_Download" class="com.automation.ios.iphone.scripts.HOOQ_IOS_IPhone_Sanity"/>
      </group> <!-- HOOQ_IOS_MOBILE_Verify_Download -->
      <group name="HOOQ_IOS_MOBILE_Download_TVShows">
        <method signature="HOOQ_IOS_IPhone_Sanity.HOOQ_IOS_MOBILE_Download_TVShows()[pri:21, instance:com.automation.ios.iphone.scripts.HOOQ_IOS_IPhone_Sanity@7c29daf3]" name="HOOQ_IOS_MOBILE_Download_TVShows" class="com.automation.ios.iphone.scripts.HOOQ_IOS_IPhone_Sanity"/>
      </group> <!-- HOOQ_IOS_MOBILE_Download_TVShows -->
      <group name="HOOQ_IOS_MOBILE_Search_Movie">
        <method signature="HOOQ_IOS_IPhone_Sanity.HOOQ_IOS_MOBILE_Search_Movie()[pri:7, instance:com.automation.ios.iphone.scripts.HOOQ_IOS_IPhone_Sanity@7c29daf3]" name="HOOQ_IOS_MOBILE_Search_Movie" class="com.automation.ios.iphone.scripts.HOOQ_IOS_IPhone_Sanity"/>
      </group> <!-- HOOQ_IOS_MOBILE_Search_Movie -->
      <group name="HOOQ_IOS_MOBILE_Download_Movies">
        <method signature="HOOQ_IOS_IPhone_Sanity.HOOQ_IOS_MOBILE_Download_Movies()[pri:20, instance:com.automation.ios.iphone.scripts.HOOQ_IOS_IPhone_Sanity@7c29daf3]" name="HOOQ_IOS_MOBILE_Download_Movies" class="com.automation.ios.iphone.scripts.HOOQ_IOS_IPhone_Sanity"/>
      </group> <!-- HOOQ_IOS_MOBILE_Download_Movies -->
      <group name="HOOQ_IOS_MOBILE_TVShows_Section">
        <method signature="HOOQ_IOS_IPhone_Sanity.HOOQ_IOS_MOBILE_TVShows_Section()[pri:5, instance:com.automation.ios.iphone.scripts.HOOQ_IOS_IPhone_Sanity@7c29daf3]" name="HOOQ_IOS_MOBILE_TVShows_Section" class="com.automation.ios.iphone.scripts.HOOQ_IOS_IPhone_Sanity"/>
      </group> <!-- HOOQ_IOS_MOBILE_TVShows_Section -->
      <group name="HOOQ_IOS_MOBILE_Verify_Support">
        <method signature="HOOQ_IOS_IPhone_Sanity.HOOQ_IOS_MOBILE_Verify_Support()[pri:17, instance:com.automation.ios.iphone.scripts.HOOQ_IOS_IPhone_Sanity@7c29daf3]" name="HOOQ_IOS_MOBILE_Verify_Support" class="com.automation.ios.iphone.scripts.HOOQ_IOS_IPhone_Sanity"/>
      </group> <!-- HOOQ_IOS_MOBILE_Verify_Support -->
      <group name="IPhone">
        <method signature="HOOQ_IOS_IPhone_Sanity.HOOQ_IOS_MOBILE_Content_Details_Movie()[pri:8, instance:com.automation.ios.iphone.scripts.HOOQ_IOS_IPhone_Sanity@7c29daf3]" name="HOOQ_IOS_MOBILE_Content_Details_Movie" class="com.automation.ios.iphone.scripts.HOOQ_IOS_IPhone_Sanity"/>
        <method signature="HOOQ_IOS_IPhone_Sanity.HOOQ_IOS_MOBILE_Content_Details_TVShows()[pri:12, instance:com.automation.ios.iphone.scripts.HOOQ_IOS_IPhone_Sanity@7c29daf3]" name="HOOQ_IOS_MOBILE_Content_Details_TVShows" class="com.automation.ios.iphone.scripts.HOOQ_IOS_IPhone_Sanity"/>
        <method signature="HOOQ_IOS_IPhone_Sanity.HOOQ_IOS_MOBILE_Discover()[pri:3, instance:com.automation.ios.iphone.scripts.HOOQ_IOS_IPhone_Sanity@7c29daf3]" name="HOOQ_IOS_MOBILE_Discover" class="com.automation.ios.iphone.scripts.HOOQ_IOS_IPhone_Sanity"/>
        <method signature="HOOQ_IOS_IPhone_Sanity.HOOQ_IOS_MOBILE_Download_Movies()[pri:20, instance:com.automation.ios.iphone.scripts.HOOQ_IOS_IPhone_Sanity@7c29daf3]" name="HOOQ_IOS_MOBILE_Download_Movies" class="com.automation.ios.iphone.scripts.HOOQ_IOS_IPhone_Sanity"/>
        <method signature="HOOQ_IOS_IPhone_Sanity.HOOQ_IOS_MOBILE_Download_TVShows()[pri:21, instance:com.automation.ios.iphone.scripts.HOOQ_IOS_IPhone_Sanity@7c29daf3]" name="HOOQ_IOS_MOBILE_Download_TVShows" class="com.automation.ios.iphone.scripts.HOOQ_IOS_IPhone_Sanity"/>
        <method signature="HOOQ_IOS_IPhone_Sanity.HOOQ_IOS_MOBILE_Login()[pri:1, instance:com.automation.ios.iphone.scripts.HOOQ_IOS_IPhone_Sanity@7c29daf3]" name="HOOQ_IOS_MOBILE_Login" class="com.automation.ios.iphone.scripts.HOOQ_IOS_IPhone_Sanity"/>
        <method signature="HOOQ_IOS_IPhone_Sanity.HOOQ_IOS_MOBILE_ME()[pri:2, instance:com.automation.ios.iphone.scripts.HOOQ_IOS_IPhone_Sanity@7c29daf3]" name="HOOQ_IOS_MOBILE_ME" class="com.automation.ios.iphone.scripts.HOOQ_IOS_IPhone_Sanity"/>
        <method signature="HOOQ_IOS_IPhone_Sanity.HOOQ_IOS_MOBILE_ME_My_Rentals()[pri:25, instance:com.automation.ios.iphone.scripts.HOOQ_IOS_IPhone_Sanity@7c29daf3]" name="HOOQ_IOS_MOBILE_ME_My_Rentals" class="com.automation.ios.iphone.scripts.HOOQ_IOS_IPhone_Sanity"/>
        <method signature="HOOQ_IOS_IPhone_Sanity.HOOQ_IOS_MOBILE_Movie_Play()[pri:10, instance:com.automation.ios.iphone.scripts.HOOQ_IOS_IPhone_Sanity@7c29daf3]" name="HOOQ_IOS_MOBILE_Movie_Play" class="com.automation.ios.iphone.scripts.HOOQ_IOS_IPhone_Sanity"/>
        <method signature="HOOQ_IOS_IPhone_Sanity.HOOQ_IOS_MOBILE_Movies_Section()[pri:4, instance:com.automation.ios.iphone.scripts.HOOQ_IOS_IPhone_Sanity@7c29daf3]" name="HOOQ_IOS_MOBILE_Movies_Section" class="com.automation.ios.iphone.scripts.HOOQ_IOS_IPhone_Sanity"/>
        <method signature="HOOQ_IOS_IPhone_Sanity.HOOQ_IOS_MOBILE_Rent_Section()[pri:6, instance:com.automation.ios.iphone.scripts.HOOQ_IOS_IPhone_Sanity@7c29daf3]" name="HOOQ_IOS_MOBILE_Rent_Section" class="com.automation.ios.iphone.scripts.HOOQ_IOS_IPhone_Sanity"/>
        <method signature="HOOQ_IOS_IPhone_Sanity.HOOQ_IOS_MOBILE_Search_Movie()[pri:7, instance:com.automation.ios.iphone.scripts.HOOQ_IOS_IPhone_Sanity@7c29daf3]" name="HOOQ_IOS_MOBILE_Search_Movie" class="com.automation.ios.iphone.scripts.HOOQ_IOS_IPhone_Sanity"/>
        <method signature="HOOQ_IOS_IPhone_Sanity.HOOQ_IOS_MOBILE_Search_TVShows()[pri:11, instance:com.automation.ios.iphone.scripts.HOOQ_IOS_IPhone_Sanity@7c29daf3]" name="HOOQ_IOS_MOBILE_Search_TVShows" class="com.automation.ios.iphone.scripts.HOOQ_IOS_IPhone_Sanity"/>
        <method signature="HOOQ_IOS_IPhone_Sanity.HOOQ_IOS_MOBILE_Similer_Titles()[pri:9, instance:com.automation.ios.iphone.scripts.HOOQ_IOS_IPhone_Sanity@7c29daf3]" name="HOOQ_IOS_MOBILE_Similer_Titles" class="com.automation.ios.iphone.scripts.HOOQ_IOS_IPhone_Sanity"/>
        <method signature="HOOQ_IOS_IPhone_Sanity.HOOQ_IOS_MOBILE_TVShows_Section()[pri:5, instance:com.automation.ios.iphone.scripts.HOOQ_IOS_IPhone_Sanity@7c29daf3]" name="HOOQ_IOS_MOBILE_TVShows_Section" class="com.automation.ios.iphone.scripts.HOOQ_IOS_IPhone_Sanity"/>
        <method signature="HOOQ_IOS_IPhone_Sanity.HOOQ_IOS_MOBILE_Verify_Download()[pri:22, instance:com.automation.ios.iphone.scripts.HOOQ_IOS_IPhone_Sanity@7c29daf3]" name="HOOQ_IOS_MOBILE_Verify_Download" class="com.automation.ios.iphone.scripts.HOOQ_IOS_IPhone_Sanity"/>
        <method signature="HOOQ_IOS_IPhone_Sanity.HOOQ_IOS_MOBILE_Verify_History()[pri:14, instance:com.automation.ios.iphone.scripts.HOOQ_IOS_IPhone_Sanity@7c29daf3]" name="HOOQ_IOS_MOBILE_Verify_History" class="com.automation.ios.iphone.scripts.HOOQ_IOS_IPhone_Sanity"/>
        <method signature="HOOQ_IOS_IPhone_Sanity.HOOQ_IOS_MOBILE_Verify_LinkTV()[pri:19, instance:com.automation.ios.iphone.scripts.HOOQ_IOS_IPhone_Sanity@7c29daf3]" name="HOOQ_IOS_MOBILE_Verify_LinkTV" class="com.automation.ios.iphone.scripts.HOOQ_IOS_IPhone_Sanity"/>
        <method signature="HOOQ_IOS_IPhone_Sanity.HOOQ_IOS_MOBILE_Verify_LogOut()[pri:26, instance:com.automation.ios.iphone.scripts.HOOQ_IOS_IPhone_Sanity@7c29daf3]" name="HOOQ_IOS_MOBILE_Verify_LogOut" class="com.automation.ios.iphone.scripts.HOOQ_IOS_IPhone_Sanity"/>
        <method signature="HOOQ_IOS_IPhone_Sanity.HOOQ_IOS_MOBILE_Verify_Settings()[pri:15, instance:com.automation.ios.iphone.scripts.HOOQ_IOS_IPhone_Sanity@7c29daf3]" name="HOOQ_IOS_MOBILE_Verify_Settings" class="com.automation.ios.iphone.scripts.HOOQ_IOS_IPhone_Sanity"/>
        <method signature="HOOQ_IOS_IPhone_Sanity.HOOQ_IOS_MOBILE_Verify_Subscription()[pri:16, instance:com.automation.ios.iphone.scripts.HOOQ_IOS_IPhone_Sanity@7c29daf3]" name="HOOQ_IOS_MOBILE_Verify_Subscription" class="com.automation.ios.iphone.scripts.HOOQ_IOS_IPhone_Sanity"/>
        <method signature="HOOQ_IOS_IPhone_Sanity.HOOQ_IOS_MOBILE_Verify_Support()[pri:17, instance:com.automation.ios.iphone.scripts.HOOQ_IOS_IPhone_Sanity@7c29daf3]" name="HOOQ_IOS_MOBILE_Verify_Support" class="com.automation.ios.iphone.scripts.HOOQ_IOS_IPhone_Sanity"/>
      </group> <!-- IPhone -->
      <group name="HOOQ_IOS_MOBILE_Content_Details_Movie">
        <method signature="HOOQ_IOS_IPhone_Sanity.HOOQ_IOS_MOBILE_Content_Details_Movie()[pri:8, instance:com.automation.ios.iphone.scripts.HOOQ_IOS_IPhone_Sanity@7c29daf3]" name="HOOQ_IOS_MOBILE_Content_Details_Movie" class="com.automation.ios.iphone.scripts.HOOQ_IOS_IPhone_Sanity"/>
      </group> <!-- HOOQ_IOS_MOBILE_Content_Details_Movie -->
      <group name="HOOQ_IOS_MOBILE_ME_My_Rentals">
        <method signature="HOOQ_IOS_IPhone_Sanity.HOOQ_IOS_MOBILE_ME_My_Rentals()[pri:25, instance:com.automation.ios.iphone.scripts.HOOQ_IOS_IPhone_Sanity@7c29daf3]" name="HOOQ_IOS_MOBILE_ME_My_Rentals" class="com.automation.ios.iphone.scripts.HOOQ_IOS_IPhone_Sanity"/>
      </group> <!-- HOOQ_IOS_MOBILE_ME_My_Rentals -->
      <group name="HOOQ_IOS_MOBILE_Verify_Settings">
        <method signature="HOOQ_IOS_IPhone_Sanity.HOOQ_IOS_MOBILE_Verify_Settings()[pri:15, instance:com.automation.ios.iphone.scripts.HOOQ_IOS_IPhone_Sanity@7c29daf3]" name="HOOQ_IOS_MOBILE_Verify_Settings" class="com.automation.ios.iphone.scripts.HOOQ_IOS_IPhone_Sanity"/>
      </group> <!-- HOOQ_IOS_MOBILE_Verify_Settings -->
      <group name="HOOQ_IOS_MOBILE_Verify_LogOut">
        <method signature="HOOQ_IOS_IPhone_Sanity.HOOQ_IOS_MOBILE_Verify_LogOut()[pri:26, instance:com.automation.ios.iphone.scripts.HOOQ_IOS_IPhone_Sanity@7c29daf3]" name="HOOQ_IOS_MOBILE_Verify_LogOut" class="com.automation.ios.iphone.scripts.HOOQ_IOS_IPhone_Sanity"/>
      </group> <!-- HOOQ_IOS_MOBILE_Verify_LogOut -->
      <group name="HOOQ_IOS_MOBILE_Rent_Section">
        <method signature="HOOQ_IOS_IPhone_Sanity.HOOQ_IOS_MOBILE_Rent_Section()[pri:6, instance:com.automation.ios.iphone.scripts.HOOQ_IOS_IPhone_Sanity@7c29daf3]" name="HOOQ_IOS_MOBILE_Rent_Section" class="com.automation.ios.iphone.scripts.HOOQ_IOS_IPhone_Sanity"/>
      </group> <!-- HOOQ_IOS_MOBILE_Rent_Section -->
      <group name="HOOQ_IOS_MOBILE_Movie_Play">
        <method signature="HOOQ_IOS_IPhone_Sanity.HOOQ_IOS_MOBILE_Movie_Play()[pri:10, instance:com.automation.ios.iphone.scripts.HOOQ_IOS_IPhone_Sanity@7c29daf3]" name="HOOQ_IOS_MOBILE_Movie_Play" class="com.automation.ios.iphone.scripts.HOOQ_IOS_IPhone_Sanity"/>
      </group> <!-- HOOQ_IOS_MOBILE_Movie_Play -->
      <group name="HOOQ_IOS_MOBILE_Verify_LinkTV">
        <method signature="HOOQ_IOS_IPhone_Sanity.HOOQ_IOS_MOBILE_Verify_LinkTV()[pri:19, instance:com.automation.ios.iphone.scripts.HOOQ_IOS_IPhone_Sanity@7c29daf3]" name="HOOQ_IOS_MOBILE_Verify_LinkTV" class="com.automation.ios.iphone.scripts.HOOQ_IOS_IPhone_Sanity"/>
      </group> <!-- HOOQ_IOS_MOBILE_Verify_LinkTV -->
      <group name="HOOQ_IOS_MOBILE_Similer_Titles">
        <method signature="HOOQ_IOS_IPhone_Sanity.HOOQ_IOS_MOBILE_Similer_Titles()[pri:9, instance:com.automation.ios.iphone.scripts.HOOQ_IOS_IPhone_Sanity@7c29daf3]" name="HOOQ_IOS_MOBILE_Similer_Titles" class="com.automation.ios.iphone.scripts.HOOQ_IOS_IPhone_Sanity"/>
      </group> <!-- HOOQ_IOS_MOBILE_Similer_Titles -->
      <group name="HOOQ_IOS_MOBILE_ME">
        <method signature="HOOQ_IOS_IPhone_Sanity.HOOQ_IOS_MOBILE_ME()[pri:2, instance:com.automation.ios.iphone.scripts.HOOQ_IOS_IPhone_Sanity@7c29daf3]" name="HOOQ_IOS_MOBILE_ME" class="com.automation.ios.iphone.scripts.HOOQ_IOS_IPhone_Sanity"/>
      </group> <!-- HOOQ_IOS_MOBILE_ME -->
      <group name="HOOQ_IOS_MOBILE_Login">
        <method signature="HOOQ_IOS_IPhone_Sanity.HOOQ_IOS_MOBILE_Login()[pri:1, instance:com.automation.ios.iphone.scripts.HOOQ_IOS_IPhone_Sanity@7c29daf3]" name="HOOQ_IOS_MOBILE_Login" class="com.automation.ios.iphone.scripts.HOOQ_IOS_IPhone_Sanity"/>
      </group> <!-- HOOQ_IOS_MOBILE_Login -->
      <group name="HOOQ_IOS_MOBILE_Movies_Section">
        <method signature="HOOQ_IOS_IPhone_Sanity.HOOQ_IOS_MOBILE_Movies_Section()[pri:4, instance:com.automation.ios.iphone.scripts.HOOQ_IOS_IPhone_Sanity@7c29daf3]" name="HOOQ_IOS_MOBILE_Movies_Section" class="com.automation.ios.iphone.scripts.HOOQ_IOS_IPhone_Sanity"/>
      </group> <!-- HOOQ_IOS_MOBILE_Movies_Section -->
      <group name="HOOQ_IOS_MOBILE_Verify_History">
        <method signature="HOOQ_IOS_IPhone_Sanity.HOOQ_IOS_MOBILE_Verify_History()[pri:14, instance:com.automation.ios.iphone.scripts.HOOQ_IOS_IPhone_Sanity@7c29daf3]" name="HOOQ_IOS_MOBILE_Verify_History" class="com.automation.ios.iphone.scripts.HOOQ_IOS_IPhone_Sanity"/>
      </group> <!-- HOOQ_IOS_MOBILE_Verify_History -->
      <group name="HOOQ_IOS_MOBILE_Content_Details_TVShows">
        <method signature="HOOQ_IOS_IPhone_Sanity.HOOQ_IOS_MOBILE_Content_Details_TVShows()[pri:12, instance:com.automation.ios.iphone.scripts.HOOQ_IOS_IPhone_Sanity@7c29daf3]" name="HOOQ_IOS_MOBILE_Content_Details_TVShows" class="com.automation.ios.iphone.scripts.HOOQ_IOS_IPhone_Sanity"/>
      </group> <!-- HOOQ_IOS_MOBILE_Content_Details_TVShows -->
    </groups>
    <test name="Grouping" duration-ms="5003456" started-at="2019-08-23T06:32:23Z" finished-at="2019-08-23T07:55:47Z">
      <class name="com.automation.ios.iphone.scripts.HOOQ_IOS_IPhone_Sanity">
        <test-method status="PASS" signature="fnBeforeSuite()[pri:0, instance:com.automation.ios.iphone.scripts.HOOQ_IOS_IPhone_Sanity@7c29daf3]" name="fnBeforeSuite" is-config="true" duration-ms="210" started-at="2019-08-23T12:02:23Z" finished-at="2019-08-23T12:02:23Z">
          <reporter-output>
          </reporter-output>
        </test-method> <!-- fnBeforeSuite -->
        <test-method status="PASS" signature="fnBeforeTest(java.lang.String, java.lang.String, java.lang.String, java.lang.String, java.lang.reflect.Method)[pri:0, instance:com.automation.ios.iphone.scripts.HOOQ_IOS_IPhone_Sanity@7c29daf3]" name="fnBeforeTest" is-config="true" duration-ms="219088" started-at="2019-08-23T12:02:23Z" finished-at="2019-08-23T12:06:02Z">
          <params>
            <param index="0">
              <value>
                <![CDATA[IN]]>
              </value>
            </param>
            <param index="1">
              <value>
                <![CDATA[prod]]>
              </value>
            </param>
            <param index="2">
              <value>
                <![CDATA[Sanity]]>
              </value>
            </param>
            <param index="3">
              <value>
                <![CDATA[IPhone]]>
              </value>
            </param>
            <param index="4">
              <value>
                <![CDATA[public void com.automation.ios.iphone.scripts.HOOQ_IOS_IPhone_Sanity.HOOQ_IOS_MOBILE_Login() throws java.lang.Throwable]]>
              </value>
            </param>
          </params>
          <reporter-output>
          </reporter-output>
        </test-method> <!-- fnBeforeTest -->
        <test-method status="PASS" signature="HOOQ_IOS_MOBILE_Login()[pri:1, instance:com.automation.ios.iphone.scripts.HOOQ_IOS_IPhone_Sanity@7c29daf3]" name="HOOQ_IOS_MOBILE_Login" duration-ms="133986" started-at="2019-08-23T12:06:02Z" finished-at="2019-08-23T12:08:16Z">
          <reporter-output>
          </reporter-output>
        </test-method> <!-- HOOQ_IOS_MOBILE_Login -->
        <test-method status="PASS" signature="fnAfterTest()[pri:0, instance:com.automation.ios.iphone.scripts.HOOQ_IOS_IPhone_Sanity@7c29daf3]" name="fnAfterTest" is-config="true" duration-ms="33829" started-at="2019-08-23T12:08:16Z" finished-at="2019-08-23T12:08:50Z">
          <reporter-output>
          </reporter-output>
        </test-method> <!-- fnAfterTest -->
        <test-method status="PASS" signature="fnBeforeTest(java.lang.String, java.lang.String, java.lang.String, java.lang.String, java.lang.reflect.Method)[pri:0, instance:com.automation.ios.iphone.scripts.HOOQ_IOS_IPhone_Sanity@7c29daf3]" name="fnBeforeTest" is-config="true" duration-ms="26680" started-at="2019-08-23T12:08:50Z" finished-at="2019-08-23T12:09:17Z">
          <params>
            <param index="0">
              <value>
                <![CDATA[IN]]>
              </value>
            </param>
            <param index="1">
              <value>
                <![CDATA[prod]]>
              </value>
            </param>
            <param index="2">
              <value>
                <![CDATA[Sanity]]>
              </value>
            </param>
            <param index="3">
              <value>
                <![CDATA[IPhone]]>
              </value>
            </param>
            <param index="4">
              <value>
                <![CDATA[public void com.automation.ios.iphone.scripts.HOOQ_IOS_IPhone_Sanity.HOOQ_IOS_MOBILE_ME() throws java.lang.Throwable]]>
              </value>
            </param>
          </params>
          <reporter-output>
          </reporter-output>
        </test-method> <!-- fnBeforeTest -->
        <test-method status="PASS" signature="HOOQ_IOS_MOBILE_ME()[pri:2, instance:com.automation.ios.iphone.scripts.HOOQ_IOS_IPhone_Sanity@7c29daf3]" name="HOOQ_IOS_MOBILE_ME" duration-ms="68174" started-at="2019-08-23T12:09:17Z" finished-at="2019-08-23T12:10:25Z">
          <reporter-output>
          </reporter-output>
        </test-method> <!-- HOOQ_IOS_MOBILE_ME -->
        <test-method status="PASS" signature="fnAfterTest()[pri:0, instance:com.automation.ios.iphone.scripts.HOOQ_IOS_IPhone_Sanity@7c29daf3]" name="fnAfterTest" is-config="true" duration-ms="34352" started-at="2019-08-23T12:10:25Z" finished-at="2019-08-23T12:10:59Z">
          <reporter-output>
          </reporter-output>
        </test-method> <!-- fnAfterTest -->
        <test-method status="PASS" signature="fnBeforeTest(java.lang.String, java.lang.String, java.lang.String, java.lang.String, java.lang.reflect.Method)[pri:0, instance:com.automation.ios.iphone.scripts.HOOQ_IOS_IPhone_Sanity@7c29daf3]" name="fnBeforeTest" is-config="true" duration-ms="27408" started-at="2019-08-23T12:10:59Z" finished-at="2019-08-23T12:11:27Z">
          <params>
            <param index="0">
              <value>
                <![CDATA[IN]]>
              </value>
            </param>
            <param index="1">
              <value>
                <![CDATA[prod]]>
              </value>
            </param>
            <param index="2">
              <value>
                <![CDATA[Sanity]]>
              </value>
            </param>
            <param index="3">
              <value>
                <![CDATA[IPhone]]>
              </value>
            </param>
            <param index="4">
              <value>
                <![CDATA[public void com.automation.ios.iphone.scripts.HOOQ_IOS_IPhone_Sanity.HOOQ_IOS_MOBILE_Discover() throws java.lang.Throwable]]>
              </value>
            </param>
          </params>
          <reporter-output>
          </reporter-output>
        </test-method> <!-- fnBeforeTest -->
        <test-method status="PASS" signature="HOOQ_IOS_MOBILE_Discover()[pri:3, instance:com.automation.ios.iphone.scripts.HOOQ_IOS_IPhone_Sanity@7c29daf3]" name="HOOQ_IOS_MOBILE_Discover" duration-ms="364743" started-at="2019-08-23T12:11:27Z" finished-at="2019-08-23T12:17:32Z">
          <reporter-output>
          </reporter-output>
        </test-method> <!-- HOOQ_IOS_MOBILE_Discover -->
        <test-method status="PASS" signature="fnAfterTest()[pri:0, instance:com.automation.ios.iphone.scripts.HOOQ_IOS_IPhone_Sanity@7c29daf3]" name="fnAfterTest" is-config="true" duration-ms="31931" started-at="2019-08-23T12:17:32Z" finished-at="2019-08-23T12:18:03Z">
          <reporter-output>
          </reporter-output>
        </test-method> <!-- fnAfterTest -->
        <test-method status="PASS" signature="fnBeforeTest(java.lang.String, java.lang.String, java.lang.String, java.lang.String, java.lang.reflect.Method)[pri:0, instance:com.automation.ios.iphone.scripts.HOOQ_IOS_IPhone_Sanity@7c29daf3]" name="fnBeforeTest" is-config="true" duration-ms="26835" started-at="2019-08-23T12:18:03Z" finished-at="2019-08-23T12:18:30Z">
          <params>
            <param index="0">
              <value>
                <![CDATA[IN]]>
              </value>
            </param>
            <param index="1">
              <value>
                <![CDATA[prod]]>
              </value>
            </param>
            <param index="2">
              <value>
                <![CDATA[Sanity]]>
              </value>
            </param>
            <param index="3">
              <value>
                <![CDATA[IPhone]]>
              </value>
            </param>
            <param index="4">
              <value>
                <![CDATA[public void com.automation.ios.iphone.scripts.HOOQ_IOS_IPhone_Sanity.HOOQ_IOS_MOBILE_Movies_Section() throws java.lang.Throwable]]>
              </value>
            </param>
          </params>
          <reporter-output>
          </reporter-output>
        </test-method> <!-- fnBeforeTest -->
        <test-method status="FAIL" signature="HOOQ_IOS_MOBILE_Movies_Section()[pri:4, instance:com.automation.ios.iphone.scripts.HOOQ_IOS_IPhone_Sanity@7c29daf3]" name="HOOQ_IOS_MOBILE_Movies_Section" duration-ms="23145" started-at="2019-08-23T12:18:30Z" finished-at="2019-08-23T12:18:53Z">
          <exception class="java.lang.AssertionError">
            <message>
              <![CDATA[null]]>
            </message>
            <full-stacktrace>
              <![CDATA[java.lang.AssertionError: null
	at org.testng.Assert.fail(Assert.java:94)
	at org.testng.Assert.fail(Assert.java:101)
	at com.automation.accelerators.TestEngine.fnCloseTest(TestEngine.java:455)
	at com.automation.ios.iphone.scripts.HOOQ_IOS_IPhone_Sanity.HOOQ_IOS_MOBILE_Movies_Section(HOOQ_IOS_IPhone_Sanity.java:104)
	at sun.reflect.NativeMethodAccessorImpl.invoke0(Native Method)
	at sun.reflect.NativeMethodAccessorImpl.invoke(NativeMethodAccessorImpl.java:62)
	at sun.reflect.DelegatingMethodAccessorImpl.invoke(DelegatingMethodAccessorImpl.java:43)
	at java.lang.reflect.Method.invoke(Method.java:498)
	at org.testng.internal.MethodInvocationHelper.invokeMethod(MethodInvocationHelper.java:86)
	at org.testng.internal.Invoker.invokeMethod(Invoker.java:643)
	at org.testng.internal.Invoker.invokeTestMethod(Invoker.java:820)
	at org.testng.internal.Invoker.invokeTestMethods(Invoker.java:1128)
	at org.testng.internal.TestMethodWorker.invokeTestMethods(TestMethodWorker.java:129)
	at org.testng.internal.TestMethodWorker.run(TestMethodWorker.java:112)
	at org.testng.TestRunner.privateRun(TestRunner.java:782)
	at org.testng.TestRunner.run(TestRunner.java:632)
	at org.testng.SuiteRunner.runTest(SuiteRunner.java:366)
	at org.testng.SuiteRunner.runSequentially(SuiteRunner.java:361)
	at org.testng.SuiteRunner.privateRun(SuiteRunner.java:319)
	at org.testng.SuiteRunner.run(SuiteRunner.java:268)
	at org.testng.SuiteRunnerWorker.runSuite(SuiteRunnerWorker.java:52)
	at org.testng.SuiteRunnerWorker.run(SuiteRunnerWorker.java:86)
	at org.testng.TestNG.runSuitesSequentially(TestNG.java:1244)
	at org.testng.TestNG.runSuitesLocally(TestNG.java:1169)
	at org.testng.TestNG.run(TestNG.java:1064)
	at org.apache.maven.surefire.testng.TestNGExecutor.run(TestNGExecutor.java:281)
	at org.apache.maven.surefire.testng.TestNGXmlTestSuite.execute(TestNGXmlTestSuite.java:75)
	at org.apache.maven.surefire.testng.TestNGProvider.invoke(TestNGProvider.java:121)
	at org.apache.maven.surefire.booter.ForkedBooter.invokeProviderInSameClassLoader(ForkedBooter.java:290)
	at org.apache.maven.surefire.booter.ForkedBooter.runSuitesInProcess(ForkedBooter.java:242)
	at org.apache.maven.surefire.booter.ForkedBooter.main(ForkedBooter.java:121)
]]>
            </full-stacktrace>
          </exception> <!-- java.lang.AssertionError -->
          <reporter-output>
          </reporter-output>
        </test-method> <!-- HOOQ_IOS_MOBILE_Movies_Section -->
        <test-method status="PASS" signature="fnAfterTest()[pri:0, instance:com.automation.ios.iphone.scripts.HOOQ_IOS_IPhone_Sanity@7c29daf3]" name="fnAfterTest" is-config="true" duration-ms="31319" started-at="2019-08-23T12:18:53Z" finished-at="2019-08-23T12:19:25Z">
          <reporter-output>
          </reporter-output>
        </test-method> <!-- fnAfterTest -->
        <test-method status="PASS" signature="fnBeforeTest(java.lang.String, java.lang.String, java.lang.String, java.lang.String, java.lang.reflect.Method)[pri:0, instance:com.automation.ios.iphone.scripts.HOOQ_IOS_IPhone_Sanity@7c29daf3]" name="fnBeforeTest" is-config="true" duration-ms="25739" started-at="2019-08-23T12:19:25Z" finished-at="2019-08-23T12:19:50Z">
          <params>
            <param index="0">
              <value>
                <![CDATA[IN]]>
              </value>
            </param>
            <param index="1">
              <value>
                <![CDATA[prod]]>
              </value>
            </param>
            <param index="2">
              <value>
                <![CDATA[Sanity]]>
              </value>
            </param>
            <param index="3">
              <value>
                <![CDATA[IPhone]]>
              </value>
            </param>
            <param index="4">
              <value>
                <![CDATA[public void com.automation.ios.iphone.scripts.HOOQ_IOS_IPhone_Sanity.HOOQ_IOS_MOBILE_TVShows_Section() throws java.lang.Throwable]]>
              </value>
            </param>
          </params>
          <reporter-output>
          </reporter-output>
        </test-method> <!-- fnBeforeTest -->
        <test-method status="FAIL" signature="HOOQ_IOS_MOBILE_TVShows_Section()[pri:5, instance:com.automation.ios.iphone.scripts.HOOQ_IOS_IPhone_Sanity@7c29daf3]" name="HOOQ_IOS_MOBILE_TVShows_Section" duration-ms="23155" started-at="2019-08-23T12:19:50Z" finished-at="2019-08-23T12:20:14Z">
          <exception class="java.lang.AssertionError">
            <message>
              <![CDATA[null]]>
            </message>
            <full-stacktrace>
              <![CDATA[java.lang.AssertionError: null
	at org.testng.Assert.fail(Assert.java:94)
	at org.testng.Assert.fail(Assert.java:101)
	at com.automation.accelerators.TestEngine.fnCloseTest(TestEngine.java:455)
	at com.automation.ios.iphone.scripts.HOOQ_IOS_IPhone_Sanity.HOOQ_IOS_MOBILE_TVShows_Section(HOOQ_IOS_IPhone_Sanity.java:130)
	at sun.reflect.NativeMethodAccessorImpl.invoke0(Native Method)
	at sun.reflect.NativeMethodAccessorImpl.invoke(NativeMethodAccessorImpl.java:62)
	at sun.reflect.DelegatingMethodAccessorImpl.invoke(DelegatingMethodAccessorImpl.java:43)
	at java.lang.reflect.Method.invoke(Method.java:498)
	at org.testng.internal.MethodInvocationHelper.invokeMethod(MethodInvocationHelper.java:86)
	at org.testng.internal.Invoker.invokeMethod(Invoker.java:643)
	at org.testng.internal.Invoker.invokeTestMethod(Invoker.java:820)
	at org.testng.internal.Invoker.invokeTestMethods(Invoker.java:1128)
	at org.testng.internal.TestMethodWorker.invokeTestMethods(TestMethodWorker.java:129)
	at org.testng.internal.TestMethodWorker.run(TestMethodWorker.java:112)
	at org.testng.TestRunner.privateRun(TestRunner.java:782)
	at org.testng.TestRunner.run(TestRunner.java:632)
	at org.testng.SuiteRunner.runTest(SuiteRunner.java:366)
	at org.testng.SuiteRunner.runSequentially(SuiteRunner.java:361)
	at org.testng.SuiteRunner.privateRun(SuiteRunner.java:319)
	at org.testng.SuiteRunner.run(SuiteRunner.java:268)
	at org.testng.SuiteRunnerWorker.runSuite(SuiteRunnerWorker.java:52)
	at org.testng.SuiteRunnerWorker.run(SuiteRunnerWorker.java:86)
	at org.testng.TestNG.runSuitesSequentially(TestNG.java:1244)
	at org.testng.TestNG.runSuitesLocally(TestNG.java:1169)
	at org.testng.TestNG.run(TestNG.java:1064)
	at org.apache.maven.surefire.testng.TestNGExecutor.run(TestNGExecutor.java:281)
	at org.apache.maven.surefire.testng.TestNGXmlTestSuite.execute(TestNGXmlTestSuite.java:75)
	at org.apache.maven.surefire.testng.TestNGProvider.invoke(TestNGProvider.java:121)
	at org.apache.maven.surefire.booter.ForkedBooter.invokeProviderInSameClassLoader(ForkedBooter.java:290)
	at org.apache.maven.surefire.booter.ForkedBooter.runSuitesInProcess(ForkedBooter.java:242)
	at org.apache.maven.surefire.booter.ForkedBooter.main(ForkedBooter.java:121)
]]>
            </full-stacktrace>
          </exception> <!-- java.lang.AssertionError -->
          <reporter-output>
          </reporter-output>
        </test-method> <!-- HOOQ_IOS_MOBILE_TVShows_Section -->
        <test-method status="PASS" signature="fnAfterTest()[pri:0, instance:com.automation.ios.iphone.scripts.HOOQ_IOS_IPhone_Sanity@7c29daf3]" name="fnAfterTest" is-config="true" duration-ms="32518" started-at="2019-08-23T12:20:14Z" finished-at="2019-08-23T12:20:46Z">
          <reporter-output>
          </reporter-output>
        </test-method> <!-- fnAfterTest -->
        <test-method status="PASS" signature="fnBeforeTest(java.lang.String, java.lang.String, java.lang.String, java.lang.String, java.lang.reflect.Method)[pri:0, instance:com.automation.ios.iphone.scripts.HOOQ_IOS_IPhone_Sanity@7c29daf3]" name="fnBeforeTest" is-config="true" duration-ms="30778" started-at="2019-08-23T12:20:46Z" finished-at="2019-08-23T12:21:17Z">
          <params>
            <param index="0">
              <value>
                <![CDATA[IN]]>
              </value>
            </param>
            <param index="1">
              <value>
                <![CDATA[prod]]>
              </value>
            </param>
            <param index="2">
              <value>
                <![CDATA[Sanity]]>
              </value>
            </param>
            <param index="3">
              <value>
                <![CDATA[IPhone]]>
              </value>
            </param>
            <param index="4">
              <value>
                <![CDATA[public void com.automation.ios.iphone.scripts.HOOQ_IOS_IPhone_Sanity.HOOQ_IOS_MOBILE_Rent_Section() throws java.lang.Throwable]]>
              </value>
            </param>
          </params>
          <reporter-output>
          </reporter-output>
        </test-method> <!-- fnBeforeTest -->
        <test-method status="PASS" signature="HOOQ_IOS_MOBILE_Rent_Section()[pri:6, instance:com.automation.ios.iphone.scripts.HOOQ_IOS_IPhone_Sanity@7c29daf3]" name="HOOQ_IOS_MOBILE_Rent_Section" duration-ms="104068" started-at="2019-08-23T12:21:17Z" finished-at="2019-08-23T12:23:01Z">
          <reporter-output>
          </reporter-output>
        </test-method> <!-- HOOQ_IOS_MOBILE_Rent_Section -->
        <test-method status="PASS" signature="fnAfterTest()[pri:0, instance:com.automation.ios.iphone.scripts.HOOQ_IOS_IPhone_Sanity@7c29daf3]" name="fnAfterTest" is-config="true" duration-ms="31349" started-at="2019-08-23T12:23:01Z" finished-at="2019-08-23T12:23:32Z">
          <reporter-output>
          </reporter-output>
        </test-method> <!-- fnAfterTest -->
        <test-method status="PASS" signature="fnBeforeTest(java.lang.String, java.lang.String, java.lang.String, java.lang.String, java.lang.reflect.Method)[pri:0, instance:com.automation.ios.iphone.scripts.HOOQ_IOS_IPhone_Sanity@7c29daf3]" name="fnBeforeTest" is-config="true" duration-ms="27798" started-at="2019-08-23T12:23:32Z" finished-at="2019-08-23T12:24:00Z">
          <params>
            <param index="0">
              <value>
                <![CDATA[IN]]>
              </value>
            </param>
            <param index="1">
              <value>
                <![CDATA[prod]]>
              </value>
            </param>
            <param index="2">
              <value>
                <![CDATA[Sanity]]>
              </value>
            </param>
            <param index="3">
              <value>
                <![CDATA[IPhone]]>
              </value>
            </param>
            <param index="4">
              <value>
                <![CDATA[public void com.automation.ios.iphone.scripts.HOOQ_IOS_IPhone_Sanity.HOOQ_IOS_MOBILE_Search_Movie() throws java.lang.Throwable]]>
              </value>
            </param>
          </params>
          <reporter-output>
          </reporter-output>
        </test-method> <!-- fnBeforeTest -->
        <test-method status="PASS" signature="HOOQ_IOS_MOBILE_Search_Movie()[pri:7, instance:com.automation.ios.iphone.scripts.HOOQ_IOS_IPhone_Sanity@7c29daf3]" name="HOOQ_IOS_MOBILE_Search_Movie" duration-ms="53553" started-at="2019-08-23T12:24:00Z" finished-at="2019-08-23T12:24:54Z">
          <reporter-output>
          </reporter-output>
        </test-method> <!-- HOOQ_IOS_MOBILE_Search_Movie -->
        <test-method status="PASS" signature="fnAfterTest()[pri:0, instance:com.automation.ios.iphone.scripts.HOOQ_IOS_IPhone_Sanity@7c29daf3]" name="fnAfterTest" is-config="true" duration-ms="31291" started-at="2019-08-23T12:24:54Z" finished-at="2019-08-23T12:25:25Z">
          <reporter-output>
          </reporter-output>
        </test-method> <!-- fnAfterTest -->
        <test-method status="PASS" signature="fnBeforeTest(java.lang.String, java.lang.String, java.lang.String, java.lang.String, java.lang.reflect.Method)[pri:0, instance:com.automation.ios.iphone.scripts.HOOQ_IOS_IPhone_Sanity@7c29daf3]" name="fnBeforeTest" is-config="true" duration-ms="25735" started-at="2019-08-23T12:25:25Z" finished-at="2019-08-23T12:25:51Z">
          <params>
            <param index="0">
              <value>
                <![CDATA[IN]]>
              </value>
            </param>
            <param index="1">
              <value>
                <![CDATA[prod]]>
              </value>
            </param>
            <param index="2">
              <value>
                <![CDATA[Sanity]]>
              </value>
            </param>
            <param index="3">
              <value>
                <![CDATA[IPhone]]>
              </value>
            </param>
            <param index="4">
              <value>
                <![CDATA[public void com.automation.ios.iphone.scripts.HOOQ_IOS_IPhone_Sanity.HOOQ_IOS_MOBILE_Content_Details_Movie() throws java.lang.Throwable]]>
              </value>
            </param>
          </params>
          <reporter-output>
          </reporter-output>
        </test-method> <!-- fnBeforeTest -->
        <test-method status="FAIL" signature="HOOQ_IOS_MOBILE_Content_Details_Movie()[pri:8, instance:com.automation.ios.iphone.scripts.HOOQ_IOS_IPhone_Sanity@7c29daf3]" name="HOOQ_IOS_MOBILE_Content_Details_Movie" duration-ms="128196" started-at="2019-08-23T12:25:51Z" finished-at="2019-08-23T12:27:59Z">
          <exception class="java.lang.AssertionError">
            <message>
              <![CDATA[null]]>
            </message>
            <full-stacktrace>
              <![CDATA[java.lang.AssertionError: null
	at org.testng.Assert.fail(Assert.java:94)
	at org.testng.Assert.fail(Assert.java:101)
	at com.automation.accelerators.TestEngine.fnCloseTest(TestEngine.java:455)
	at com.automation.ios.iphone.scripts.HOOQ_IOS_IPhone_Sanity.HOOQ_IOS_MOBILE_Content_Details_Movie(HOOQ_IOS_IPhone_Sanity.java:216)
	at sun.reflect.NativeMethodAccessorImpl.invoke0(Native Method)
	at sun.reflect.NativeMethodAccessorImpl.invoke(NativeMethodAccessorImpl.java:62)
	at sun.reflect.DelegatingMethodAccessorImpl.invoke(DelegatingMethodAccessorImpl.java:43)
	at java.lang.reflect.Method.invoke(Method.java:498)
	at org.testng.internal.MethodInvocationHelper.invokeMethod(MethodInvocationHelper.java:86)
	at org.testng.internal.Invoker.invokeMethod(Invoker.java:643)
	at org.testng.internal.Invoker.invokeTestMethod(Invoker.java:820)
	at org.testng.internal.Invoker.invokeTestMethods(Invoker.java:1128)
	at org.testng.internal.TestMethodWorker.invokeTestMethods(TestMethodWorker.java:129)
	at org.testng.internal.TestMethodWorker.run(TestMethodWorker.java:112)
	at org.testng.TestRunner.privateRun(TestRunner.java:782)
	at org.testng.TestRunner.run(TestRunner.java:632)
	at org.testng.SuiteRunner.runTest(SuiteRunner.java:366)
	at org.testng.SuiteRunner.runSequentially(SuiteRunner.java:361)
	at org.testng.SuiteRunner.privateRun(SuiteRunner.java:319)
	at org.testng.SuiteRunner.run(SuiteRunner.java:268)
	at org.testng.SuiteRunnerWorker.runSuite(SuiteRunnerWorker.java:52)
	at org.testng.SuiteRunnerWorker.run(SuiteRunnerWorker.java:86)
	at org.testng.TestNG.runSuitesSequentially(TestNG.java:1244)
	at org.testng.TestNG.runSuitesLocally(TestNG.java:1169)
	at org.testng.TestNG.run(TestNG.java:1064)
	at org.apache.maven.surefire.testng.TestNGExecutor.run(TestNGExecutor.java:281)
	at org.apache.maven.surefire.testng.TestNGXmlTestSuite.execute(TestNGXmlTestSuite.java:75)
	at org.apache.maven.surefire.testng.TestNGProvider.invoke(TestNGProvider.java:121)
	at org.apache.maven.surefire.booter.ForkedBooter.invokeProviderInSameClassLoader(ForkedBooter.java:290)
	at org.apache.maven.surefire.booter.ForkedBooter.runSuitesInProcess(ForkedBooter.java:242)
	at org.apache.maven.surefire.booter.ForkedBooter.main(ForkedBooter.java:121)
]]>
            </full-stacktrace>
          </exception> <!-- java.lang.AssertionError -->
          <reporter-output>
          </reporter-output>
        </test-method> <!-- HOOQ_IOS_MOBILE_Content_Details_Movie -->
        <test-method status="PASS" signature="fnAfterTest()[pri:0, instance:com.automation.ios.iphone.scripts.HOOQ_IOS_IPhone_Sanity@7c29daf3]" name="fnAfterTest" is-config="true" duration-ms="32032" started-at="2019-08-23T12:27:59Z" finished-at="2019-08-23T12:28:31Z">
          <reporter-output>
          </reporter-output>
        </test-method> <!-- fnAfterTest -->
        <test-method status="PASS" signature="fnBeforeTest(java.lang.String, java.lang.String, java.lang.String, java.lang.String, java.lang.reflect.Method)[pri:0, instance:com.automation.ios.iphone.scripts.HOOQ_IOS_IPhone_Sanity@7c29daf3]" name="fnBeforeTest" is-config="true" duration-ms="25995" started-at="2019-08-23T12:28:31Z" finished-at="2019-08-23T12:28:57Z">
          <params>
            <param index="0">
              <value>
                <![CDATA[IN]]>
              </value>
            </param>
            <param index="1">
              <value>
                <![CDATA[prod]]>
              </value>
            </param>
            <param index="2">
              <value>
                <![CDATA[Sanity]]>
              </value>
            </param>
            <param index="3">
              <value>
                <![CDATA[IPhone]]>
              </value>
            </param>
            <param index="4">
              <value>
                <![CDATA[public void com.automation.ios.iphone.scripts.HOOQ_IOS_IPhone_Sanity.HOOQ_IOS_MOBILE_Similer_Titles() throws java.lang.Throwable]]>
              </value>
            </param>
          </params>
          <reporter-output>
          </reporter-output>
        </test-method> <!-- fnBeforeTest -->
        <test-method status="PASS" signature="HOOQ_IOS_MOBILE_Similer_Titles()[pri:9, instance:com.automation.ios.iphone.scripts.HOOQ_IOS_IPhone_Sanity@7c29daf3]" name="HOOQ_IOS_MOBILE_Similer_Titles" duration-ms="66701" started-at="2019-08-23T12:28:57Z" finished-at="2019-08-23T12:30:04Z">
          <reporter-output>
          </reporter-output>
        </test-method> <!-- HOOQ_IOS_MOBILE_Similer_Titles -->
        <test-method status="PASS" signature="fnAfterTest()[pri:0, instance:com.automation.ios.iphone.scripts.HOOQ_IOS_IPhone_Sanity@7c29daf3]" name="fnAfterTest" is-config="true" duration-ms="31399" started-at="2019-08-23T12:30:04Z" finished-at="2019-08-23T12:30:35Z">
          <reporter-output>
          </reporter-output>
        </test-method> <!-- fnAfterTest -->
        <test-method status="PASS" signature="fnBeforeTest(java.lang.String, java.lang.String, java.lang.String, java.lang.String, java.lang.reflect.Method)[pri:0, instance:com.automation.ios.iphone.scripts.HOOQ_IOS_IPhone_Sanity@7c29daf3]" name="fnBeforeTest" is-config="true" duration-ms="25778" started-at="2019-08-23T12:30:35Z" finished-at="2019-08-23T12:31:01Z">
          <params>
            <param index="0">
              <value>
                <![CDATA[IN]]>
              </value>
            </param>
            <param index="1">
              <value>
                <![CDATA[prod]]>
              </value>
            </param>
            <param index="2">
              <value>
                <![CDATA[Sanity]]>
              </value>
            </param>
            <param index="3">
              <value>
                <![CDATA[IPhone]]>
              </value>
            </param>
            <param index="4">
              <value>
                <![CDATA[public void com.automation.ios.iphone.scripts.HOOQ_IOS_IPhone_Sanity.HOOQ_IOS_MOBILE_Movie_Play() throws java.lang.Throwable]]>
              </value>
            </param>
          </params>
          <reporter-output>
          </reporter-output>
        </test-method> <!-- fnBeforeTest -->
        <test-method status="PASS" signature="HOOQ_IOS_MOBILE_Movie_Play()[pri:10, instance:com.automation.ios.iphone.scripts.HOOQ_IOS_IPhone_Sanity@7c29daf3]" name="HOOQ_IOS_MOBILE_Movie_Play" duration-ms="529569" started-at="2019-08-23T12:31:01Z" finished-at="2019-08-23T12:39:50Z">
          <reporter-output>
          </reporter-output>
        </test-method> <!-- HOOQ_IOS_MOBILE_Movie_Play -->
        <test-method status="PASS" signature="fnAfterTest()[pri:0, instance:com.automation.ios.iphone.scripts.HOOQ_IOS_IPhone_Sanity@7c29daf3]" name="fnAfterTest" is-config="true" duration-ms="33782" started-at="2019-08-23T12:39:50Z" finished-at="2019-08-23T12:40:24Z">
          <reporter-output>
          </reporter-output>
        </test-method> <!-- fnAfterTest -->
        <test-method status="PASS" signature="fnBeforeTest(java.lang.String, java.lang.String, java.lang.String, java.lang.String, java.lang.reflect.Method)[pri:0, instance:com.automation.ios.iphone.scripts.HOOQ_IOS_IPhone_Sanity@7c29daf3]" name="fnBeforeTest" is-config="true" duration-ms="28752" started-at="2019-08-23T12:40:24Z" finished-at="2019-08-23T12:40:53Z">
          <params>
            <param index="0">
              <value>
                <![CDATA[IN]]>
              </value>
            </param>
            <param index="1">
              <value>
                <![CDATA[prod]]>
              </value>
            </param>
            <param index="2">
              <value>
                <![CDATA[Sanity]]>
              </value>
            </param>
            <param index="3">
              <value>
                <![CDATA[IPhone]]>
              </value>
            </param>
            <param index="4">
              <value>
                <![CDATA[public void com.automation.ios.iphone.scripts.HOOQ_IOS_IPhone_Sanity.HOOQ_IOS_MOBILE_Search_TVShows() throws java.lang.Throwable]]>
              </value>
            </param>
          </params>
          <reporter-output>
          </reporter-output>
        </test-method> <!-- fnBeforeTest -->
        <test-method status="PASS" signature="HOOQ_IOS_MOBILE_Search_TVShows()[pri:11, instance:com.automation.ios.iphone.scripts.HOOQ_IOS_IPhone_Sanity@7c29daf3]" name="HOOQ_IOS_MOBILE_Search_TVShows" duration-ms="64995" started-at="2019-08-23T12:40:53Z" finished-at="2019-08-23T12:41:58Z">
          <reporter-output>
          </reporter-output>
        </test-method> <!-- HOOQ_IOS_MOBILE_Search_TVShows -->
        <test-method status="PASS" signature="fnAfterTest()[pri:0, instance:com.automation.ios.iphone.scripts.HOOQ_IOS_IPhone_Sanity@7c29daf3]" name="fnAfterTest" is-config="true" duration-ms="32815" started-at="2019-08-23T12:41:58Z" finished-at="2019-08-23T12:42:31Z">
          <reporter-output>
          </reporter-output>
        </test-method> <!-- fnAfterTest -->
        <test-method status="PASS" signature="fnBeforeTest(java.lang.String, java.lang.String, java.lang.String, java.lang.String, java.lang.reflect.Method)[pri:0, instance:com.automation.ios.iphone.scripts.HOOQ_IOS_IPhone_Sanity@7c29daf3]" name="fnBeforeTest" is-config="true" duration-ms="25952" started-at="2019-08-23T12:42:31Z" finished-at="2019-08-23T12:42:57Z">
          <params>
            <param index="0">
              <value>
                <![CDATA[IN]]>
              </value>
            </param>
            <param index="1">
              <value>
                <![CDATA[prod]]>
              </value>
            </param>
            <param index="2">
              <value>
                <![CDATA[Sanity]]>
              </value>
            </param>
            <param index="3">
              <value>
                <![CDATA[IPhone]]>
              </value>
            </param>
            <param index="4">
              <value>
                <![CDATA[public void com.automation.ios.iphone.scripts.HOOQ_IOS_IPhone_Sanity.HOOQ_IOS_MOBILE_Content_Details_TVShows() throws java.lang.Throwable]]>
              </value>
            </param>
          </params>
          <reporter-output>
          </reporter-output>
        </test-method> <!-- fnBeforeTest -->
        <test-method status="PASS" signature="HOOQ_IOS_MOBILE_Content_Details_TVShows()[pri:12, instance:com.automation.ios.iphone.scripts.HOOQ_IOS_IPhone_Sanity@7c29daf3]" name="HOOQ_IOS_MOBILE_Content_Details_TVShows" duration-ms="343194" started-at="2019-08-23T12:42:57Z" finished-at="2019-08-23T12:48:40Z">
          <reporter-output>
          </reporter-output>
        </test-method> <!-- HOOQ_IOS_MOBILE_Content_Details_TVShows -->
        <test-method status="PASS" signature="fnAfterTest()[pri:0, instance:com.automation.ios.iphone.scripts.HOOQ_IOS_IPhone_Sanity@7c29daf3]" name="fnAfterTest" is-config="true" duration-ms="31481" started-at="2019-08-23T12:48:40Z" finished-at="2019-08-23T12:49:11Z">
          <reporter-output>
          </reporter-output>
        </test-method> <!-- fnAfterTest -->
        <test-method status="PASS" signature="fnBeforeTest(java.lang.String, java.lang.String, java.lang.String, java.lang.String, java.lang.reflect.Method)[pri:0, instance:com.automation.ios.iphone.scripts.HOOQ_IOS_IPhone_Sanity@7c29daf3]" name="fnBeforeTest" is-config="true" duration-ms="25671" started-at="2019-08-23T12:49:11Z" finished-at="2019-08-23T12:49:37Z">
          <params>
            <param index="0">
              <value>
                <![CDATA[IN]]>
              </value>
            </param>
            <param index="1">
              <value>
                <![CDATA[prod]]>
              </value>
            </param>
            <param index="2">
              <value>
                <![CDATA[Sanity]]>
              </value>
            </param>
            <param index="3">
              <value>
                <![CDATA[IPhone]]>
              </value>
            </param>
            <param index="4">
              <value>
                <![CDATA[public void com.automation.ios.iphone.scripts.HOOQ_IOS_IPhone_Sanity.HOOQ_IOS_MOBILE_Verify_History() throws java.lang.Throwable]]>
              </value>
            </param>
          </params>
          <reporter-output>
          </reporter-output>
        </test-method> <!-- fnBeforeTest -->
        <test-method status="PASS" signature="HOOQ_IOS_MOBILE_Verify_History()[pri:14, instance:com.automation.ios.iphone.scripts.HOOQ_IOS_IPhone_Sanity@7c29daf3]" name="HOOQ_IOS_MOBILE_Verify_History" duration-ms="66689" started-at="2019-08-23T12:49:37Z" finished-at="2019-08-23T12:50:44Z">
          <reporter-output>
          </reporter-output>
        </test-method> <!-- HOOQ_IOS_MOBILE_Verify_History -->
        <test-method status="PASS" signature="fnAfterTest()[pri:0, instance:com.automation.ios.iphone.scripts.HOOQ_IOS_IPhone_Sanity@7c29daf3]" name="fnAfterTest" is-config="true" duration-ms="32980" started-at="2019-08-23T12:50:44Z" finished-at="2019-08-23T12:51:17Z">
          <reporter-output>
          </reporter-output>
        </test-method> <!-- fnAfterTest -->
        <test-method status="PASS" signature="fnBeforeTest(java.lang.String, java.lang.String, java.lang.String, java.lang.String, java.lang.reflect.Method)[pri:0, instance:com.automation.ios.iphone.scripts.HOOQ_IOS_IPhone_Sanity@7c29daf3]" name="fnBeforeTest" is-config="true" duration-ms="25615" started-at="2019-08-23T12:51:17Z" finished-at="2019-08-23T12:51:42Z">
          <params>
            <param index="0">
              <value>
                <![CDATA[IN]]>
              </value>
            </param>
            <param index="1">
              <value>
                <![CDATA[prod]]>
              </value>
            </param>
            <param index="2">
              <value>
                <![CDATA[Sanity]]>
              </value>
            </param>
            <param index="3">
              <value>
                <![CDATA[IPhone]]>
              </value>
            </param>
            <param index="4">
              <value>
                <![CDATA[public void com.automation.ios.iphone.scripts.HOOQ_IOS_IPhone_Sanity.HOOQ_IOS_MOBILE_Verify_Settings() throws java.lang.Throwable]]>
              </value>
            </param>
          </params>
          <reporter-output>
          </reporter-output>
        </test-method> <!-- fnBeforeTest -->
        <test-method status="PASS" signature="HOOQ_IOS_MOBILE_Verify_Settings()[pri:15, instance:com.automation.ios.iphone.scripts.HOOQ_IOS_IPhone_Sanity@7c29daf3]" name="HOOQ_IOS_MOBILE_Verify_Settings" duration-ms="68896" started-at="2019-08-23T12:51:42Z" finished-at="2019-08-23T12:52:51Z">
          <reporter-output>
          </reporter-output>
        </test-method> <!-- HOOQ_IOS_MOBILE_Verify_Settings -->
        <test-method status="PASS" signature="fnAfterTest()[pri:0, instance:com.automation.ios.iphone.scripts.HOOQ_IOS_IPhone_Sanity@7c29daf3]" name="fnAfterTest" is-config="true" duration-ms="31925" started-at="2019-08-23T12:52:51Z" finished-at="2019-08-23T12:53:23Z">
          <reporter-output>
          </reporter-output>
        </test-method> <!-- fnAfterTest -->
        <test-method status="PASS" signature="fnBeforeTest(java.lang.String, java.lang.String, java.lang.String, java.lang.String, java.lang.reflect.Method)[pri:0, instance:com.automation.ios.iphone.scripts.HOOQ_IOS_IPhone_Sanity@7c29daf3]" name="fnBeforeTest" is-config="true" duration-ms="25804" started-at="2019-08-23T12:53:23Z" finished-at="2019-08-23T12:53:49Z">
          <params>
            <param index="0">
              <value>
                <![CDATA[IN]]>
              </value>
            </param>
            <param index="1">
              <value>
                <![CDATA[prod]]>
              </value>
            </param>
            <param index="2">
              <value>
                <![CDATA[Sanity]]>
              </value>
            </param>
            <param index="3">
              <value>
                <![CDATA[IPhone]]>
              </value>
            </param>
            <param index="4">
              <value>
                <![CDATA[public void com.automation.ios.iphone.scripts.HOOQ_IOS_IPhone_Sanity.HOOQ_IOS_MOBILE_Verify_Subscription() throws java.lang.Throwable]]>
              </value>
            </param>
          </params>
          <reporter-output>
          </reporter-output>
        </test-method> <!-- fnBeforeTest -->
        <test-method status="PASS" signature="HOOQ_IOS_MOBILE_Verify_Subscription()[pri:16, instance:com.automation.ios.iphone.scripts.HOOQ_IOS_IPhone_Sanity@7c29daf3]" name="HOOQ_IOS_MOBILE_Verify_Subscription" duration-ms="119535" started-at="2019-08-23T12:53:49Z" finished-at="2019-08-23T12:55:49Z">
          <reporter-output>
          </reporter-output>
        </test-method> <!-- HOOQ_IOS_MOBILE_Verify_Subscription -->
        <test-method status="PASS" signature="fnAfterTest()[pri:0, instance:com.automation.ios.iphone.scripts.HOOQ_IOS_IPhone_Sanity@7c29daf3]" name="fnAfterTest" is-config="true" duration-ms="31746" started-at="2019-08-23T12:55:49Z" finished-at="2019-08-23T12:56:20Z">
          <reporter-output>
          </reporter-output>
        </test-method> <!-- fnAfterTest -->
        <test-method status="PASS" signature="fnBeforeTest(java.lang.String, java.lang.String, java.lang.String, java.lang.String, java.lang.reflect.Method)[pri:0, instance:com.automation.ios.iphone.scripts.HOOQ_IOS_IPhone_Sanity@7c29daf3]" name="fnBeforeTest" is-config="true" duration-ms="26366" started-at="2019-08-23T12:56:20Z" finished-at="2019-08-23T12:56:47Z">
          <params>
            <param index="0">
              <value>
                <![CDATA[IN]]>
              </value>
            </param>
            <param index="1">
              <value>
                <![CDATA[prod]]>
              </value>
            </param>
            <param index="2">
              <value>
                <![CDATA[Sanity]]>
              </value>
            </param>
            <param index="3">
              <value>
                <![CDATA[IPhone]]>
              </value>
            </param>
            <param index="4">
              <value>
                <![CDATA[public void com.automation.ios.iphone.scripts.HOOQ_IOS_IPhone_Sanity.HOOQ_IOS_MOBILE_Verify_Support() throws java.lang.Throwable]]>
              </value>
            </param>
          </params>
          <reporter-output>
          </reporter-output>
        </test-method> <!-- fnBeforeTest -->
        <test-method status="PASS" signature="HOOQ_IOS_MOBILE_Verify_Support()[pri:17, instance:com.automation.ios.iphone.scripts.HOOQ_IOS_IPhone_Sanity@7c29daf3]" name="HOOQ_IOS_MOBILE_Verify_Support" duration-ms="107904" started-at="2019-08-23T12:56:47Z" finished-at="2019-08-23T12:58:35Z">
          <reporter-output>
          </reporter-output>
        </test-method> <!-- HOOQ_IOS_MOBILE_Verify_Support -->
        <test-method status="PASS" signature="fnAfterTest()[pri:0, instance:com.automation.ios.iphone.scripts.HOOQ_IOS_IPhone_Sanity@7c29daf3]" name="fnAfterTest" is-config="true" duration-ms="48622" started-at="2019-08-23T12:58:35Z" finished-at="2019-08-23T12:59:23Z">
          <reporter-output>
          </reporter-output>
        </test-method> <!-- fnAfterTest -->
        <test-method status="PASS" signature="fnBeforeTest(java.lang.String, java.lang.String, java.lang.String, java.lang.String, java.lang.reflect.Method)[pri:0, instance:com.automation.ios.iphone.scripts.HOOQ_IOS_IPhone_Sanity@7c29daf3]" name="fnBeforeTest" is-config="true" duration-ms="27505" started-at="2019-08-23T12:59:23Z" finished-at="2019-08-23T12:59:51Z">
          <params>
            <param index="0">
              <value>
                <![CDATA[IN]]>
              </value>
            </param>
            <param index="1">
              <value>
                <![CDATA[prod]]>
              </value>
            </param>
            <param index="2">
              <value>
                <![CDATA[Sanity]]>
              </value>
            </param>
            <param index="3">
              <value>
                <![CDATA[IPhone]]>
              </value>
            </param>
            <param index="4">
              <value>
                <![CDATA[public void com.automation.ios.iphone.scripts.HOOQ_IOS_IPhone_Sanity.HOOQ_IOS_MOBILE_Verify_LinkTV() throws java.lang.Throwable]]>
              </value>
            </param>
          </params>
          <reporter-output>
          </reporter-output>
        </test-method> <!-- fnBeforeTest -->
        <test-method status="PASS" signature="HOOQ_IOS_MOBILE_Verify_LinkTV()[pri:19, instance:com.automation.ios.iphone.scripts.HOOQ_IOS_IPhone_Sanity@7c29daf3]" name="HOOQ_IOS_MOBILE_Verify_LinkTV" duration-ms="55161" started-at="2019-08-23T12:59:51Z" finished-at="2019-08-23T13:00:46Z">
          <reporter-output>
          </reporter-output>
        </test-method> <!-- HOOQ_IOS_MOBILE_Verify_LinkTV -->
        <test-method status="PASS" signature="fnAfterTest()[pri:0, instance:com.automation.ios.iphone.scripts.HOOQ_IOS_IPhone_Sanity@7c29daf3]" name="fnAfterTest" is-config="true" duration-ms="36325" started-at="2019-08-23T13:00:46Z" finished-at="2019-08-23T13:01:22Z">
          <reporter-output>
          </reporter-output>
        </test-method> <!-- fnAfterTest -->
        <test-method status="PASS" signature="fnBeforeTest(java.lang.String, java.lang.String, java.lang.String, java.lang.String, java.lang.reflect.Method)[pri:0, instance:com.automation.ios.iphone.scripts.HOOQ_IOS_IPhone_Sanity@7c29daf3]" name="fnBeforeTest" is-config="true" duration-ms="26804" started-at="2019-08-23T13:01:22Z" finished-at="2019-08-23T13:01:49Z">
          <params>
            <param index="0">
              <value>
                <![CDATA[IN]]>
              </value>
            </param>
            <param index="1">
              <value>
                <![CDATA[prod]]>
              </value>
            </param>
            <param index="2">
              <value>
                <![CDATA[Sanity]]>
              </value>
            </param>
            <param index="3">
              <value>
                <![CDATA[IPhone]]>
              </value>
            </param>
            <param index="4">
              <value>
                <![CDATA[public void com.automation.ios.iphone.scripts.HOOQ_IOS_IPhone_Sanity.HOOQ_IOS_MOBILE_Download_Movies() throws java.lang.Throwable]]>
              </value>
            </param>
          </params>
          <reporter-output>
          </reporter-output>
        </test-method> <!-- fnBeforeTest -->
        <test-method status="PASS" signature="HOOQ_IOS_MOBILE_Download_Movies()[pri:20, instance:com.automation.ios.iphone.scripts.HOOQ_IOS_IPhone_Sanity@7c29daf3]" name="HOOQ_IOS_MOBILE_Download_Movies" duration-ms="383219" started-at="2019-08-23T13:01:49Z" finished-at="2019-08-23T13:08:12Z">
          <reporter-output>
          </reporter-output>
        </test-method> <!-- HOOQ_IOS_MOBILE_Download_Movies -->
        <test-method status="PASS" signature="fnAfterTest()[pri:0, instance:com.automation.ios.iphone.scripts.HOOQ_IOS_IPhone_Sanity@7c29daf3]" name="fnAfterTest" is-config="true" duration-ms="32046" started-at="2019-08-23T13:08:12Z" finished-at="2019-08-23T13:08:44Z">
          <reporter-output>
          </reporter-output>
        </test-method> <!-- fnAfterTest -->
        <test-method status="PASS" signature="fnBeforeTest(java.lang.String, java.lang.String, java.lang.String, java.lang.String, java.lang.reflect.Method)[pri:0, instance:com.automation.ios.iphone.scripts.HOOQ_IOS_IPhone_Sanity@7c29daf3]" name="fnBeforeTest" is-config="true" duration-ms="27515" started-at="2019-08-23T13:08:44Z" finished-at="2019-08-23T13:09:12Z">
          <params>
            <param index="0">
              <value>
                <![CDATA[IN]]>
              </value>
            </param>
            <param index="1">
              <value>
                <![CDATA[prod]]>
              </value>
            </param>
            <param index="2">
              <value>
                <![CDATA[Sanity]]>
              </value>
            </param>
            <param index="3">
              <value>
                <![CDATA[IPhone]]>
              </value>
            </param>
            <param index="4">
              <value>
                <![CDATA[public void com.automation.ios.iphone.scripts.HOOQ_IOS_IPhone_Sanity.HOOQ_IOS_MOBILE_Download_TVShows() throws java.lang.Throwable]]>
              </value>
            </param>
          </params>
          <reporter-output>
          </reporter-output>
        </test-method> <!-- fnBeforeTest -->
        <test-method status="PASS" signature="HOOQ_IOS_MOBILE_Download_TVShows()[pri:21, instance:com.automation.ios.iphone.scripts.HOOQ_IOS_IPhone_Sanity@7c29daf3]" name="HOOQ_IOS_MOBILE_Download_TVShows" duration-ms="523618" started-at="2019-08-23T13:09:12Z" finished-at="2019-08-23T13:17:55Z">
          <reporter-output>
          </reporter-output>
        </test-method> <!-- HOOQ_IOS_MOBILE_Download_TVShows -->
        <test-method status="PASS" signature="fnAfterTest()[pri:0, instance:com.automation.ios.iphone.scripts.HOOQ_IOS_IPhone_Sanity@7c29daf3]" name="fnAfterTest" is-config="true" duration-ms="33585" started-at="2019-08-23T13:17:55Z" finished-at="2019-08-23T13:18:29Z">
          <reporter-output>
          </reporter-output>
        </test-method> <!-- fnAfterTest -->
        <test-method status="PASS" signature="fnBeforeTest(java.lang.String, java.lang.String, java.lang.String, java.lang.String, java.lang.reflect.Method)[pri:0, instance:com.automation.ios.iphone.scripts.HOOQ_IOS_IPhone_Sanity@7c29daf3]" name="fnBeforeTest" is-config="true" duration-ms="26408" started-at="2019-08-23T13:18:29Z" finished-at="2019-08-23T13:18:55Z">
          <params>
            <param index="0">
              <value>
                <![CDATA[IN]]>
              </value>
            </param>
            <param index="1">
              <value>
                <![CDATA[prod]]>
              </value>
            </param>
            <param index="2">
              <value>
                <![CDATA[Sanity]]>
              </value>
            </param>
            <param index="3">
              <value>
                <![CDATA[IPhone]]>
              </value>
            </param>
            <param index="4">
              <value>
                <![CDATA[public void com.automation.ios.iphone.scripts.HOOQ_IOS_IPhone_Sanity.HOOQ_IOS_MOBILE_Verify_Download() throws java.lang.Throwable]]>
              </value>
            </param>
          </params>
          <reporter-output>
          </reporter-output>
        </test-method> <!-- fnBeforeTest -->
        <test-method status="PASS" signature="HOOQ_IOS_MOBILE_Verify_Download()[pri:22, instance:com.automation.ios.iphone.scripts.HOOQ_IOS_IPhone_Sanity@7c29daf3]" name="HOOQ_IOS_MOBILE_Verify_Download" duration-ms="120302" started-at="2019-08-23T13:18:55Z" finished-at="2019-08-23T13:20:56Z">
          <reporter-output>
          </reporter-output>
        </test-method> <!-- HOOQ_IOS_MOBILE_Verify_Download -->
        <test-method status="PASS" signature="fnAfterTest()[pri:0, instance:com.automation.ios.iphone.scripts.HOOQ_IOS_IPhone_Sanity@7c29daf3]" name="fnAfterTest" is-config="true" duration-ms="32291" started-at="2019-08-23T13:20:56Z" finished-at="2019-08-23T13:21:28Z">
          <reporter-output>
          </reporter-output>
        </test-method> <!-- fnAfterTest -->
        <test-method status="PASS" signature="fnBeforeTest(java.lang.String, java.lang.String, java.lang.String, java.lang.String, java.lang.reflect.Method)[pri:0, instance:com.automation.ios.iphone.scripts.HOOQ_IOS_IPhone_Sanity@7c29daf3]" name="fnBeforeTest" is-config="true" duration-ms="25726" started-at="2019-08-23T13:21:28Z" finished-at="2019-08-23T13:21:54Z">
          <params>
            <param index="0">
              <value>
                <![CDATA[IN]]>
              </value>
            </param>
            <param index="1">
              <value>
                <![CDATA[prod]]>
              </value>
            </param>
            <param index="2">
              <value>
                <![CDATA[Sanity]]>
              </value>
            </param>
            <param index="3">
              <value>
                <![CDATA[IPhone]]>
              </value>
            </param>
            <param index="4">
              <value>
                <![CDATA[public void com.automation.ios.iphone.scripts.HOOQ_IOS_IPhone_Sanity.HOOQ_IOS_MOBILE_ME_My_Rentals() throws java.lang.Throwable]]>
              </value>
            </param>
          </params>
          <reporter-output>
          </reporter-output>
        </test-method> <!-- fnBeforeTest -->
        <test-method status="PASS" signature="HOOQ_IOS_MOBILE_ME_My_Rentals()[pri:25, instance:com.automation.ios.iphone.scripts.HOOQ_IOS_IPhone_Sanity@7c29daf3]" name="HOOQ_IOS_MOBILE_ME_My_Rentals" duration-ms="90569" started-at="2019-08-23T13:21:54Z" finished-at="2019-08-23T13:23:24Z">
          <reporter-output>
          </reporter-output>
        </test-method> <!-- HOOQ_IOS_MOBILE_ME_My_Rentals -->
        <test-method status="PASS" signature="fnAfterTest()[pri:0, instance:com.automation.ios.iphone.scripts.HOOQ_IOS_IPhone_Sanity@7c29daf3]" name="fnAfterTest" is-config="true" duration-ms="31985" started-at="2019-08-23T13:23:24Z" finished-at="2019-08-23T13:23:56Z">
          <reporter-output>
          </reporter-output>
        </test-method> <!-- fnAfterTest -->
        <test-method status="PASS" signature="fnBeforeTest(java.lang.String, java.lang.String, java.lang.String, java.lang.String, java.lang.reflect.Method)[pri:0, instance:com.automation.ios.iphone.scripts.HOOQ_IOS_IPhone_Sanity@7c29daf3]" name="fnBeforeTest" is-config="true" duration-ms="25767" started-at="2019-08-23T13:23:56Z" finished-at="2019-08-23T13:24:22Z">
          <params>
            <param index="0">
              <value>
                <![CDATA[IN]]>
              </value>
            </param>
            <param index="1">
              <value>
                <![CDATA[prod]]>
              </value>
            </param>
            <param index="2">
              <value>
                <![CDATA[Sanity]]>
              </value>
            </param>
            <param index="3">
              <value>
                <![CDATA[IPhone]]>
              </value>
            </param>
            <param index="4">
              <value>
                <![CDATA[public void com.automation.ios.iphone.scripts.HOOQ_IOS_IPhone_Sanity.HOOQ_IOS_MOBILE_Verify_LogOut() throws java.lang.Throwable]]>
              </value>
            </param>
          </params>
          <reporter-output>
          </reporter-output>
        </test-method> <!-- fnBeforeTest -->
        <test-method status="PASS" signature="HOOQ_IOS_MOBILE_Verify_LogOut()[pri:26, instance:com.automation.ios.iphone.scripts.HOOQ_IOS_IPhone_Sanity@7c29daf3]" name="HOOQ_IOS_MOBILE_Verify_LogOut" duration-ms="52978" started-at="2019-08-23T13:24:22Z" finished-at="2019-08-23T13:25:15Z">
          <reporter-output>
          </reporter-output>
        </test-method> <!-- HOOQ_IOS_MOBILE_Verify_LogOut -->
        <test-method status="PASS" signature="fnAfterTest()[pri:0, instance:com.automation.ios.iphone.scripts.HOOQ_IOS_IPhone_Sanity@7c29daf3]" name="fnAfterTest" is-config="true" duration-ms="31748" started-at="2019-08-23T13:25:15Z" finished-at="2019-08-23T13:25:47Z">
          <reporter-output>
          </reporter-output>
        </test-method> <!-- fnAfterTest -->
        <test-method status="PASS" signature="fnAfterSuite()[pri:0, instance:com.automation.ios.iphone.scripts.HOOQ_IOS_IPhone_Sanity@7c29daf3]" name="fnAfterSuite" is-config="true" duration-ms="242" started-at="2019-08-23T13:25:47Z" finished-at="2019-08-23T13:25:47Z">
          <reporter-output>
          </reporter-output>
        </test-method> <!-- fnAfterSuite -->
      </class> <!-- com.automation.ios.iphone.scripts.HOOQ_IOS_IPhone_Sanity -->
    </test> <!-- Grouping -->
  </suite> <!-- HOOQ -->
</testng-results>
