<?xml version="1.0" encoding="UTF-8"?>
<testng-results skipped="0" failed="1" total="4" passed="3">
  <reporter-output>
  </reporter-output>
  <suite name="HOOQ" duration-ms="830777" started-at="2019-12-02T05:06:29Z" finished-at="2019-12-02T05:20:19Z">
    <groups>
      <group name="Sanity">
        <method signature="HOOQ_Android_MOBILE_Sanity.HOOQ_Android_MOBILE_ME()[pri:1, instance:com.automation.android.mobile.scripts.HOOQ_Android_MOBILE_Sanity@4e7dc304]" name="HOOQ_Android_MOBILE_ME" class="com.automation.android.mobile.scripts.HOOQ_Android_MOBILE_Sanity"/>
        <method signature="HOOQ_Android_MOBILE_Sanity.HOOQ_Android_MOBILE_TVShows_Play()[pri:3, instance:com.automation.android.mobile.scripts.HOOQ_Android_MOBILE_Sanity@4e7dc304]" name="HOOQ_Android_MOBILE_TVShows_Play" class="com.automation.android.mobile.scripts.HOOQ_Android_MOBILE_Sanity"/>
        <method signature="HOOQ_Android_MOBILE_Sanity.HOOQ_Android_MOBILE_Verify_LogOut()[pri:4, instance:com.automation.android.mobile.scripts.HOOQ_Android_MOBILE_Sanity@4e7dc304]" name="HOOQ_Android_MOBILE_Verify_LogOut" class="com.automation.android.mobile.scripts.HOOQ_Android_MOBILE_Sanity"/>
        <method signature="HOOQ_Android_MOBILE_Sanity.HOOQ_Android_Mobile_Content_Details_Movie()[pri:2, instance:com.automation.android.mobile.scripts.HOOQ_Android_MOBILE_Sanity@4e7dc304]" name="HOOQ_Android_Mobile_Content_Details_Movie" class="com.automation.android.mobile.scripts.HOOQ_Android_MOBILE_Sanity"/>
      </group> <!-- Sanity -->
      <group name="HOOQ_Android_MOBILE_ME">
        <method signature="HOOQ_Android_MOBILE_Sanity.HOOQ_Android_MOBILE_ME()[pri:1, instance:com.automation.android.mobile.scripts.HOOQ_Android_MOBILE_Sanity@4e7dc304]" name="HOOQ_Android_MOBILE_ME" class="com.automation.android.mobile.scripts.HOOQ_Android_MOBILE_Sanity"/>
      </group> <!-- HOOQ_Android_MOBILE_ME -->
      <group name="HOOQ_Android_Mobile_Content_Details_Movie">
        <method signature="HOOQ_Android_MOBILE_Sanity.HOOQ_Android_Mobile_Content_Details_Movie()[pri:2, instance:com.automation.android.mobile.scripts.HOOQ_Android_MOBILE_Sanity@4e7dc304]" name="HOOQ_Android_Mobile_Content_Details_Movie" class="com.automation.android.mobile.scripts.HOOQ_Android_MOBILE_Sanity"/>
      </group> <!-- HOOQ_Android_Mobile_Content_Details_Movie -->
      <group name="HOOQ_Android_MOBILE_Verify_LogOut">
        <method signature="HOOQ_Android_MOBILE_Sanity.HOOQ_Android_MOBILE_Verify_LogOut()[pri:4, instance:com.automation.android.mobile.scripts.HOOQ_Android_MOBILE_Sanity@4e7dc304]" name="HOOQ_Android_MOBILE_Verify_LogOut" class="com.automation.android.mobile.scripts.HOOQ_Android_MOBILE_Sanity"/>
      </group> <!-- HOOQ_Android_MOBILE_Verify_LogOut -->
      <group name="HOOQ_Android_MOBILE_TVShows_Play">
        <method signature="HOOQ_Android_MOBILE_Sanity.HOOQ_Android_MOBILE_TVShows_Play()[pri:3, instance:com.automation.android.mobile.scripts.HOOQ_Android_MOBILE_Sanity@4e7dc304]" name="HOOQ_Android_MOBILE_TVShows_Play" class="com.automation.android.mobile.scripts.HOOQ_Android_MOBILE_Sanity"/>
      </group> <!-- HOOQ_Android_MOBILE_TVShows_Play -->
      <group name="Android">
        <method signature="HOOQ_Android_MOBILE_Sanity.HOOQ_Android_MOBILE_ME()[pri:1, instance:com.automation.android.mobile.scripts.HOOQ_Android_MOBILE_Sanity@4e7dc304]" name="HOOQ_Android_MOBILE_ME" class="com.automation.android.mobile.scripts.HOOQ_Android_MOBILE_Sanity"/>
        <method signature="HOOQ_Android_MOBILE_Sanity.HOOQ_Android_MOBILE_TVShows_Play()[pri:3, instance:com.automation.android.mobile.scripts.HOOQ_Android_MOBILE_Sanity@4e7dc304]" name="HOOQ_Android_MOBILE_TVShows_Play" class="com.automation.android.mobile.scripts.HOOQ_Android_MOBILE_Sanity"/>
        <method signature="HOOQ_Android_MOBILE_Sanity.HOOQ_Android_MOBILE_Verify_LogOut()[pri:4, instance:com.automation.android.mobile.scripts.HOOQ_Android_MOBILE_Sanity@4e7dc304]" name="HOOQ_Android_MOBILE_Verify_LogOut" class="com.automation.android.mobile.scripts.HOOQ_Android_MOBILE_Sanity"/>
        <method signature="HOOQ_Android_MOBILE_Sanity.HOOQ_Android_Mobile_Content_Details_Movie()[pri:2, instance:com.automation.android.mobile.scripts.HOOQ_Android_MOBILE_Sanity@4e7dc304]" name="HOOQ_Android_Mobile_Content_Details_Movie" class="com.automation.android.mobile.scripts.HOOQ_Android_MOBILE_Sanity"/>
      </group> <!-- Android -->
    </groups>
    <test name="HOOQ_Android" duration-ms="830777" started-at="2019-12-02T05:06:29Z" finished-at="2019-12-02T05:20:19Z">
      <class name="com.automation.android.mobile.scripts.HOOQ_Android_MOBILE_Sanity">
        <test-method status="PASS" signature="fnBeforeSuite()[pri:0, instance:com.automation.android.mobile.scripts.HOOQ_Android_MOBILE_Sanity@4e7dc304]" name="fnBeforeSuite" is-config="true" duration-ms="10290" started-at="2019-12-02T10:36:18Z" finished-at="2019-12-02T10:36:29Z">
          <reporter-output>
          </reporter-output>
        </test-method> <!-- fnBeforeSuite -->
        <test-method status="PASS" signature="fnBeforeTest(java.lang.String, java.lang.String, java.lang.String, java.lang.String, java.lang.reflect.Method)[pri:0, instance:com.automation.android.mobile.scripts.HOOQ_Android_MOBILE_Sanity@4e7dc304]" name="fnBeforeTest" is-config="true" duration-ms="143201" started-at="2019-12-02T10:36:29Z" finished-at="2019-12-02T10:38:52Z">
          <params>
            <param index="0">
              <value>
                <![CDATA[IN]]>
              </value>
            </param>
            <param index="1">
              <value>
                <![CDATA[prod]]>
              </value>
            </param>
            <param index="2">
              <value>
                <![CDATA[Sanity]]>
              </value>
            </param>
            <param index="3">
              <value>
                <![CDATA[Android]]>
              </value>
            </param>
            <param index="4">
              <value>
                <![CDATA[public void com.automation.android.mobile.scripts.HOOQ_Android_MOBILE_Sanity.HOOQ_Android_MOBILE_ME() throws java.lang.Throwable]]>
              </value>
            </param>
          </params>
          <reporter-output>
          </reporter-output>
        </test-method> <!-- fnBeforeTest -->
        <test-method status="PASS" signature="HOOQ_Android_MOBILE_ME()[pri:1, instance:com.automation.android.mobile.scripts.HOOQ_Android_MOBILE_Sanity@4e7dc304]" name="HOOQ_Android_MOBILE_ME" duration-ms="78494" started-at="2019-12-02T10:38:52Z" finished-at="2019-12-02T10:40:10Z">
          <reporter-output>
          </reporter-output>
        </test-method> <!-- HOOQ_Android_MOBILE_ME -->
        <test-method status="PASS" signature="fnAfterTest()[pri:0, instance:com.automation.android.mobile.scripts.HOOQ_Android_MOBILE_Sanity@4e7dc304]" name="fnAfterTest" is-config="true" duration-ms="34427" started-at="2019-12-02T10:40:10Z" finished-at="2019-12-02T10:40:45Z">
          <reporter-output>
          </reporter-output>
        </test-method> <!-- fnAfterTest -->
        <test-method status="PASS" signature="fnBeforeTest(java.lang.String, java.lang.String, java.lang.String, java.lang.String, java.lang.reflect.Method)[pri:0, instance:com.automation.android.mobile.scripts.HOOQ_Android_MOBILE_Sanity@4e7dc304]" name="fnBeforeTest" is-config="true" duration-ms="56401" started-at="2019-12-02T10:40:45Z" finished-at="2019-12-02T10:41:41Z">
          <params>
            <param index="0">
              <value>
                <![CDATA[IN]]>
              </value>
            </param>
            <param index="1">
              <value>
                <![CDATA[prod]]>
              </value>
            </param>
            <param index="2">
              <value>
                <![CDATA[Sanity]]>
              </value>
            </param>
            <param index="3">
              <value>
                <![CDATA[Android]]>
              </value>
            </param>
            <param index="4">
              <value>
                <![CDATA[public void com.automation.android.mobile.scripts.HOOQ_Android_MOBILE_Sanity.HOOQ_Android_Mobile_Content_Details_Movie() throws java.lang.Throwable]]>
              </value>
            </param>
          </params>
          <reporter-output>
          </reporter-output>
        </test-method> <!-- fnBeforeTest -->
        <test-method status="FAIL" signature="HOOQ_Android_Mobile_Content_Details_Movie()[pri:2, instance:com.automation.android.mobile.scripts.HOOQ_Android_MOBILE_Sanity@4e7dc304]" name="HOOQ_Android_Mobile_Content_Details_Movie" duration-ms="44480" started-at="2019-12-02T10:41:41Z" finished-at="2019-12-02T10:42:26Z">
          <exception class="java.lang.AssertionError">
            <message>
              <![CDATA[null]]>
            </message>
            <full-stacktrace>
              <![CDATA[java.lang.AssertionError: null
	at org.testng.Assert.fail(Assert.java:94)
	at org.testng.Assert.fail(Assert.java:101)
	at com.automation.accelerators.TestEngine.fnCloseTest(TestEngine.java:560)
	at com.automation.android.mobile.scripts.HOOQ_Android_MOBILE_Sanity.HOOQ_Android_Mobile_Content_Details_Movie(HOOQ_Android_MOBILE_Sanity.java:69)
	at sun.reflect.NativeMethodAccessorImpl.invoke0(Native Method)
	at sun.reflect.NativeMethodAccessorImpl.invoke(NativeMethodAccessorImpl.java:62)
	at sun.reflect.DelegatingMethodAccessorImpl.invoke(DelegatingMethodAccessorImpl.java:43)
	at java.lang.reflect.Method.invoke(Method.java:498)
	at org.testng.internal.MethodInvocationHelper.invokeMethod(MethodInvocationHelper.java:86)
	at org.testng.internal.Invoker.invokeMethod(Invoker.java:643)
	at org.testng.internal.Invoker.invokeTestMethod(Invoker.java:820)
	at org.testng.internal.Invoker.invokeTestMethods(Invoker.java:1128)
	at org.testng.internal.TestMethodWorker.invokeTestMethods(TestMethodWorker.java:129)
	at org.testng.internal.TestMethodWorker.run(TestMethodWorker.java:112)
	at org.testng.TestRunner.privateRun(TestRunner.java:782)
	at org.testng.TestRunner.run(TestRunner.java:632)
	at org.testng.SuiteRunner.runTest(SuiteRunner.java:366)
	at org.testng.SuiteRunner.runSequentially(SuiteRunner.java:361)
	at org.testng.SuiteRunner.privateRun(SuiteRunner.java:319)
	at org.testng.SuiteRunner.run(SuiteRunner.java:268)
	at org.testng.SuiteRunnerWorker.runSuite(SuiteRunnerWorker.java:52)
	at org.testng.SuiteRunnerWorker.run(SuiteRunnerWorker.java:86)
	at org.testng.TestNG.runSuitesSequentially(TestNG.java:1244)
	at org.testng.TestNG.runSuitesLocally(TestNG.java:1169)
	at org.testng.TestNG.run(TestNG.java:1064)
	at org.apache.maven.surefire.testng.TestNGExecutor.run(TestNGExecutor.java:281)
	at org.apache.maven.surefire.testng.TestNGXmlTestSuite.execute(TestNGXmlTestSuite.java:75)
	at org.apache.maven.surefire.testng.TestNGProvider.invoke(TestNGProvider.java:121)
	at org.apache.maven.surefire.booter.ForkedBooter.invokeProviderInSameClassLoader(ForkedBooter.java:290)
	at org.apache.maven.surefire.booter.ForkedBooter.runSuitesInProcess(ForkedBooter.java:242)
	at org.apache.maven.surefire.booter.ForkedBooter.main(ForkedBooter.java:121)
]]>
            </full-stacktrace>
          </exception> <!-- java.lang.AssertionError -->
          <reporter-output>
          </reporter-output>
        </test-method> <!-- HOOQ_Android_Mobile_Content_Details_Movie -->
        <test-method status="PASS" signature="fnAfterTest()[pri:0, instance:com.automation.android.mobile.scripts.HOOQ_Android_MOBILE_Sanity@4e7dc304]" name="fnAfterTest" is-config="true" duration-ms="34221" started-at="2019-12-02T10:42:26Z" finished-at="2019-12-02T10:43:00Z">
          <reporter-output>
          </reporter-output>
        </test-method> <!-- fnAfterTest -->
        <test-method status="PASS" signature="fnBeforeTest(java.lang.String, java.lang.String, java.lang.String, java.lang.String, java.lang.reflect.Method)[pri:0, instance:com.automation.android.mobile.scripts.HOOQ_Android_MOBILE_Sanity@4e7dc304]" name="fnBeforeTest" is-config="true" duration-ms="53125" started-at="2019-12-02T10:43:00Z" finished-at="2019-12-02T10:43:53Z">
          <params>
            <param index="0">
              <value>
                <![CDATA[IN]]>
              </value>
            </param>
            <param index="1">
              <value>
                <![CDATA[prod]]>
              </value>
            </param>
            <param index="2">
              <value>
                <![CDATA[Sanity]]>
              </value>
            </param>
            <param index="3">
              <value>
                <![CDATA[Android]]>
              </value>
            </param>
            <param index="4">
              <value>
                <![CDATA[public void com.automation.android.mobile.scripts.HOOQ_Android_MOBILE_Sanity.HOOQ_Android_MOBILE_TVShows_Play() throws java.lang.Throwable]]>
              </value>
            </param>
          </params>
          <reporter-output>
          </reporter-output>
        </test-method> <!-- fnBeforeTest -->
        <test-method status="PASS" signature="HOOQ_Android_MOBILE_TVShows_Play()[pri:3, instance:com.automation.android.mobile.scripts.HOOQ_Android_MOBILE_Sanity@4e7dc304]" name="HOOQ_Android_MOBILE_TVShows_Play" duration-ms="222437" started-at="2019-12-02T10:43:53Z" finished-at="2019-12-02T10:47:35Z">
          <reporter-output>
          </reporter-output>
        </test-method> <!-- HOOQ_Android_MOBILE_TVShows_Play -->
        <test-method status="PASS" signature="fnAfterTest()[pri:0, instance:com.automation.android.mobile.scripts.HOOQ_Android_MOBILE_Sanity@4e7dc304]" name="fnAfterTest" is-config="true" duration-ms="32520" started-at="2019-12-02T10:47:35Z" finished-at="2019-12-02T10:48:08Z">
          <reporter-output>
          </reporter-output>
        </test-method> <!-- fnAfterTest -->
        <test-method status="PASS" signature="fnBeforeTest(java.lang.String, java.lang.String, java.lang.String, java.lang.String, java.lang.reflect.Method)[pri:0, instance:com.automation.android.mobile.scripts.HOOQ_Android_MOBILE_Sanity@4e7dc304]" name="fnBeforeTest" is-config="true" duration-ms="56119" started-at="2019-12-02T10:48:08Z" finished-at="2019-12-02T10:49:04Z">
          <params>
            <param index="0">
              <value>
                <![CDATA[IN]]>
              </value>
            </param>
            <param index="1">
              <value>
                <![CDATA[prod]]>
              </value>
            </param>
            <param index="2">
              <value>
                <![CDATA[Sanity]]>
              </value>
            </param>
            <param index="3">
              <value>
                <![CDATA[Android]]>
              </value>
            </param>
            <param index="4">
              <value>
                <![CDATA[public void com.automation.android.mobile.scripts.HOOQ_Android_MOBILE_Sanity.HOOQ_Android_MOBILE_Verify_LogOut() throws java.lang.Throwable]]>
              </value>
            </param>
          </params>
          <reporter-output>
          </reporter-output>
        </test-method> <!-- fnBeforeTest -->
        <test-method status="PASS" signature="HOOQ_Android_MOBILE_Verify_LogOut()[pri:4, instance:com.automation.android.mobile.scripts.HOOQ_Android_MOBILE_Sanity@4e7dc304]" name="HOOQ_Android_MOBILE_Verify_LogOut" duration-ms="41661" started-at="2019-12-02T10:49:04Z" finished-at="2019-12-02T10:49:46Z">
          <reporter-output>
          </reporter-output>
        </test-method> <!-- HOOQ_Android_MOBILE_Verify_LogOut -->
        <test-method status="PASS" signature="fnAfterTest()[pri:0, instance:com.automation.android.mobile.scripts.HOOQ_Android_MOBILE_Sanity@4e7dc304]" name="fnAfterTest" is-config="true" duration-ms="33678" started-at="2019-12-02T10:49:46Z" finished-at="2019-12-02T10:50:19Z">
          <reporter-output>
          </reporter-output>
        </test-method> <!-- fnAfterTest -->
        <test-method status="PASS" signature="fnAfterSuite()[pri:0, instance:com.automation.android.mobile.scripts.HOOQ_Android_MOBILE_Sanity@4e7dc304]" name="fnAfterSuite" is-config="true" duration-ms="3004" started-at="2019-12-02T10:50:20Z" finished-at="2019-12-02T10:50:23Z">
          <reporter-output>
          </reporter-output>
        </test-method> <!-- fnAfterSuite -->
      </class> <!-- com.automation.android.mobile.scripts.HOOQ_Android_MOBILE_Sanity -->
    </test> <!-- HOOQ_Android -->
  </suite> <!-- HOOQ -->
</testng-results>
