<?xml version="1.0" encoding="UTF-8"?>
<!-- Generated by org.testng.reporters.JUnitXMLReporter -->
<testsuite hostname="admins-mbp.cignitiglobal.com" name="Grouping" tests="22" failures="3" timestamp="23 Aug 2019 07:55:47 GMT" time="5003.456" errors="0">
  <testcase name="HOOQ_IOS_MOBILE_Login" time="133.986" classname="com.automation.ios.iphone.scripts.HOOQ_IOS_IPhone_Sanity"/>
  <testcase name="HOOQ_IOS_MOBILE_ME" time="68.174" classname="com.automation.ios.iphone.scripts.HOOQ_IOS_IPhone_Sanity"/>
  <testcase name="HOOQ_IOS_MOBILE_Discover" time="364.743" classname="com.automation.ios.iphone.scripts.HOOQ_IOS_IPhone_Sanity"/>
  <testcase name="HOOQ_IOS_MOBILE_Movies_Section" time="23.145" classname="com.automation.ios.iphone.scripts.HOOQ_IOS_IPhone_Sanity">
    <failure type="java.lang.AssertionError" message="null">
      <![CDATA[java.lang.AssertionError: null
	at com.automation.accelerators.TestEngine.fnCloseTest(TestEngine.java:455)
	at com.automation.ios.iphone.scripts.HOOQ_IOS_IPhone_Sanity.HOOQ_IOS_MOBILE_Movies_Section(HOOQ_IOS_IPhone_Sanity.java:104)
... Removed 29 stack frames]]>
    </failure>
  </testcase> <!-- HOOQ_IOS_MOBILE_Movies_Section -->
  <testcase name="HOOQ_IOS_MOBILE_TVShows_Section" time="23.155" classname="com.automation.ios.iphone.scripts.HOOQ_IOS_IPhone_Sanity">
    <failure type="java.lang.AssertionError" message="null">
      <![CDATA[java.lang.AssertionError: null
	at com.automation.accelerators.TestEngine.fnCloseTest(TestEngine.java:455)
	at com.automation.ios.iphone.scripts.HOOQ_IOS_IPhone_Sanity.HOOQ_IOS_MOBILE_TVShows_Section(HOOQ_IOS_IPhone_Sanity.java:130)
... Removed 29 stack frames]]>
    </failure>
  </testcase> <!-- HOOQ_IOS_MOBILE_TVShows_Section -->
  <testcase name="HOOQ_IOS_MOBILE_Rent_Section" time="104.068" classname="com.automation.ios.iphone.scripts.HOOQ_IOS_IPhone_Sanity"/>
  <testcase name="HOOQ_IOS_MOBILE_Search_Movie" time="53.553" classname="com.automation.ios.iphone.scripts.HOOQ_IOS_IPhone_Sanity"/>
  <testcase name="HOOQ_IOS_MOBILE_Content_Details_Movie" time="128.196" classname="com.automation.ios.iphone.scripts.HOOQ_IOS_IPhone_Sanity">
    <failure type="java.lang.AssertionError" message="null">
      <![CDATA[java.lang.AssertionError: null
	at com.automation.accelerators.TestEngine.fnCloseTest(TestEngine.java:455)
	at com.automation.ios.iphone.scripts.HOOQ_IOS_IPhone_Sanity.HOOQ_IOS_MOBILE_Content_Details_Movie(HOOQ_IOS_IPhone_Sanity.java:216)
... Removed 29 stack frames]]>
    </failure>
  </testcase> <!-- HOOQ_IOS_MOBILE_Content_Details_Movie -->
  <testcase name="HOOQ_IOS_MOBILE_Similer_Titles" time="66.701" classname="com.automation.ios.iphone.scripts.HOOQ_IOS_IPhone_Sanity"/>
  <testcase name="HOOQ_IOS_MOBILE_Movie_Play" time="529.569" classname="com.automation.ios.iphone.scripts.HOOQ_IOS_IPhone_Sanity"/>
  <testcase name="HOOQ_IOS_MOBILE_Search_TVShows" time="64.995" classname="com.automation.ios.iphone.scripts.HOOQ_IOS_IPhone_Sanity"/>
  <testcase name="HOOQ_IOS_MOBILE_Content_Details_TVShows" time="343.194" classname="com.automation.ios.iphone.scripts.HOOQ_IOS_IPhone_Sanity"/>
  <testcase name="HOOQ_IOS_MOBILE_Verify_History" time="66.689" classname="com.automation.ios.iphone.scripts.HOOQ_IOS_IPhone_Sanity"/>
  <testcase name="HOOQ_IOS_MOBILE_Verify_Settings" time="68.896" classname="com.automation.ios.iphone.scripts.HOOQ_IOS_IPhone_Sanity"/>
  <testcase name="HOOQ_IOS_MOBILE_Verify_Subscription" time="119.535" classname="com.automation.ios.iphone.scripts.HOOQ_IOS_IPhone_Sanity"/>
  <testcase name="HOOQ_IOS_MOBILE_Verify_Support" time="107.904" classname="com.automation.ios.iphone.scripts.HOOQ_IOS_IPhone_Sanity"/>
  <testcase name="HOOQ_IOS_MOBILE_Verify_LinkTV" time="55.161" classname="com.automation.ios.iphone.scripts.HOOQ_IOS_IPhone_Sanity"/>
  <testcase name="HOOQ_IOS_MOBILE_Download_Movies" time="383.219" classname="com.automation.ios.iphone.scripts.HOOQ_IOS_IPhone_Sanity"/>
  <testcase name="HOOQ_IOS_MOBILE_Download_TVShows" time="523.618" classname="com.automation.ios.iphone.scripts.HOOQ_IOS_IPhone_Sanity"/>
  <testcase name="HOOQ_IOS_MOBILE_Verify_Download" time="120.302" classname="com.automation.ios.iphone.scripts.HOOQ_IOS_IPhone_Sanity"/>
  <testcase name="HOOQ_IOS_MOBILE_ME_My_Rentals" time="90.569" classname="com.automation.ios.iphone.scripts.HOOQ_IOS_IPhone_Sanity"/>
  <testcase name="HOOQ_IOS_MOBILE_Verify_LogOut" time="52.978" classname="com.automation.ios.iphone.scripts.HOOQ_IOS_IPhone_Sanity"/>
</testsuite> <!-- Grouping -->
